2021-07-23T09:44:33+00:00 CRITICAL syntax error, unexpected '$wp_query' (T_VARIABLE) в E:\OSPanel\domains\motomarket.loc\app\content\themes\gulp-theme\page-sale.php на строке 115

2021-07-23T09:44:33+00:00 CRITICAL syntax error, unexpected '$wp_query' (T_VARIABLE) в E:\OSPanel\domains\motomarket.loc\app\content\themes\gulp-theme\page-sale.php на строке 115

2021-07-23T12:38:21+00:00 CRITICAL syntax error, unexpected '?>' в E:\OSPanel\domains\motomarket.loc\app\content\themes\gulp-theme\page-faq.php на строке 10

2021-07-23T12:40:32+00:00 CRITICAL syntax error, unexpected 'var' (T_VAR), expecting end of file в E:\OSPanel\domains\motomarket.loc\app\content\themes\gulp-theme\page-faq.php на строке 12

2021-07-23T12:41:43+00:00 CRITICAL syntax error, unexpected 'var_dump' (T_STRING), expecting variable (T_VARIABLE) or '{' or '$' в E:\OSPanel\domains\motomarket.loc\app\content\themes\gulp-theme\page-faq.php на строке 15

2021-07-23T12:41:51+00:00 CRITICAL syntax error, unexpected '?>' в E:\OSPanel\domains\motomarket.loc\app\content\themes\gulp-theme\page-faq.php на строке 18

2021-07-23T12:43:28+00:00 CRITICAL syntax error, unexpected ')' в E:\OSPanel\domains\motomarket.loc\app\content\themes\gulp-theme\header.php на строке 23

2021-07-23T12:43:28+00:00 CRITICAL syntax error, unexpected ')' в E:\OSPanel\domains\motomarket.loc\app\content\themes\gulp-theme\header.php на строке 23

2021-07-23T12:43:29+00:00 CRITICAL syntax error, unexpected ')' в E:\OSPanel\domains\motomarket.loc\app\content\themes\gulp-theme\header.php на строке 23

2021-07-23T12:43:37+00:00 CRITICAL syntax error, unexpected ')' в E:\OSPanel\domains\motomarket.loc\app\content\themes\gulp-theme\header.php на строке 23

2021-07-23T12:43:45+00:00 CRITICAL syntax error, unexpected '}' в E:\OSPanel\domains\motomarket.loc\app\content\themes\gulp-theme\header.php на строке 23

2021-07-23T12:49:40+00:00 CRITICAL syntax error, unexpected '?>' в E:\OSPanel\domains\motomarket.loc\app\content\themes\gulp-theme\header.php на строке 24

2021-07-23T12:49:41+00:00 CRITICAL syntax error, unexpected '?>' в E:\OSPanel\domains\motomarket.loc\app\content\themes\gulp-theme\header.php на строке 24

2021-07-23T12:49:42+00:00 CRITICAL syntax error, unexpected '/' в E:\OSPanel\domains\motomarket.loc\app\content\themes\gulp-theme\header.php на строке 24

2021-07-23T13:11:04+00:00 CRITICAL syntax error, unexpected 'var' (T_VAR), expecting end of file в E:\OSPanel\domains\motomarket.loc\app\content\themes\gulp-theme\header.php на строке 13

2021-07-23T13:29:54+00:00 CRITICAL syntax error, unexpected '<', expecting end of file в E:\OSPanel\domains\motomarket.loc\app\content\themes\gulp-theme\woocommerce\content-single-product.php на строке 71

2021-07-23T13:29:54+00:00 CRITICAL syntax error, unexpected '<', expecting end of file в E:\OSPanel\domains\motomarket.loc\app\content\themes\gulp-theme\woocommerce\content-single-product.php на строке 71

2021-07-23T13:29:55+00:00 CRITICAL syntax error, unexpected '<', expecting end of file в E:\OSPanel\domains\motomarket.loc\app\content\themes\gulp-theme\woocommerce\content-single-product.php на строке 71

2021-07-23T13:29:55+00:00 CRITICAL syntax error, unexpected '<', expecting end of file в E:\OSPanel\domains\motomarket.loc\app\content\themes\gulp-theme\woocommerce\content-single-product.php на строке 71

2021-07-23T13:29:57+00:00 CRITICAL Uncaught Error: Call to undefined function phpdo_action() in E:\OSPanel\domains\motomarket.loc\app\content\themes\gulp-theme\woocommerce\content-single-product.php:70
Stack trace:
#0 E:\OSPanel\domains\motomarket.loc\app\wp\wp-includes\template.php(772): require()
#1 E:\OSPanel\domains\motomarket.loc\app\content\plugins\woocommerce\includes\wc-core-functions.php(284): load_template('E:\\OSPanel\\doma...', false)
#2 E:\OSPanel\domains\motomarket.loc\app\content\themes\gulp-theme\woocommerce\single-product.php(37): wc_get_template_part('content', 'single-product')
#3 E:\OSPanel\domains\motomarket.loc\app\wp\wp-includes\template-loader.php(106): include('E:\\OSPanel\\doma...')
#4 E:\OSPanel\domains\motomarket.loc\app\wp\wp-blog-header.php(19): require_once('E:\\OSPanel\\doma...')
#5 E:\OSPanel\domains\motomarket.loc\app\index.php(17): require('E:\\OSPanel\\doma...')
#6 {main}
  thrown в E:\OSPanel\domains\motomarket.loc\app\content\themes\gulp-theme\woocommerce\content-single-product.php на строке 70

2021-07-23T13:29:57+00:00 CRITICAL Uncaught Error: Call to undefined function phpdo_action() in E:\OSPanel\domains\motomarket.loc\app\content\themes\gulp-theme\woocommerce\content-single-product.php:70
Stack trace:
#0 E:\OSPanel\domains\motomarket.loc\app\wp\wp-includes\template.php(772): require()
#1 E:\OSPanel\domains\motomarket.loc\app\content\plugins\woocommerce\includes\wc-core-functions.php(284): load_template('E:\\OSPanel\\doma...', false)
#2 E:\OSPanel\domains\motomarket.loc\app\content\themes\gulp-theme\woocommerce\single-product.php(37): wc_get_template_part('content', 'single-product')
#3 E:\OSPanel\domains\motomarket.loc\app\wp\wp-includes\template-loader.php(106): include('E:\\OSPanel\\doma...')
#4 E:\OSPanel\domains\motomarket.loc\app\wp\wp-blog-header.php(19): require_once('E:\\OSPanel\\doma...')
#5 E:\OSPanel\domains\motomarket.loc\app\index.php(17): require('E:\\OSPanel\\doma...')
#6 {main}
  thrown в E:\OSPanel\domains\motomarket.loc\app\content\themes\gulp-theme\woocommerce\content-single-product.php на строке 70

2021-07-23T13:35:54+00:00 CRITICAL syntax error, unexpected 'php' (T_STRING) в E:\OSPanel\domains\motomarket.loc\app\content\themes\gulp-theme\woocommerce\single-product\add-to-cart\simple.php на строке 36

