2021-08-22T04:41:19+00:00 CRITICAL syntax error, unexpected '?>', expecting variable (T_VARIABLE) or '{' or '$' в E:\OSPanel\domains\motomarket.loc\app\content\themes\gulp-theme\parts\filter-form.php на строке 9

2021-08-22T04:41:25+00:00 CRITICAL syntax error, unexpected '?>', expecting variable (T_VARIABLE) or '{' or '$' в E:\OSPanel\domains\motomarket.loc\app\content\themes\gulp-theme\parts\filter-form.php на строке 9

2021-08-22T04:41:31+00:00 CRITICAL syntax error, unexpected '?>' в E:\OSPanel\domains\motomarket.loc\app\content\themes\gulp-theme\parts\filter-form.php на строке 9

2021-08-22T04:42:02+00:00 CRITICAL syntax error, unexpected ')' в E:\OSPanel\domains\motomarket.loc\app\content\themes\gulp-theme\parts\filter-form.php на строке 15

2021-08-22T04:42:22+00:00 CRITICAL syntax error, unexpected '$catPOST' (T_VARIABLE), expecting '(' в E:\OSPanel\domains\motomarket.loc\app\content\themes\gulp-theme\parts\filter-form.php на строке 15

2021-08-22T04:42:22+00:00 CRITICAL syntax error, unexpected '{' в E:\OSPanel\domains\motomarket.loc\app\content\themes\gulp-theme\parts\filter-form.php на строке 15

2021-08-22T04:42:24+00:00 CRITICAL syntax error, unexpected '{' в E:\OSPanel\domains\motomarket.loc\app\content\themes\gulp-theme\parts\filter-form.php на строке 15

2021-08-22T04:42:27+00:00 CRITICAL syntax error, unexpected ')' в E:\OSPanel\domains\motomarket.loc\app\content\themes\gulp-theme\parts\filter-form.php на строке 15

2021-08-22T04:42:54+00:00 CRITICAL syntax error, unexpected '}' в E:\OSPanel\domains\motomarket.loc\app\content\themes\gulp-theme\parts\filter-form.php на строке 15

2021-08-22T04:42:55+00:00 CRITICAL syntax error, unexpected '}' в E:\OSPanel\domains\motomarket.loc\app\content\themes\gulp-theme\parts\filter-form.php на строке 15

2021-08-22T04:42:57+00:00 CRITICAL syntax error, unexpected '}', expecting ',' or ';' в E:\OSPanel\domains\motomarket.loc\app\content\themes\gulp-theme\parts\filter-form.php на строке 15

2021-08-22T04:42:59+00:00 CRITICAL syntax error, unexpected '}', expecting ',' or ';' в E:\OSPanel\domains\motomarket.loc\app\content\themes\gulp-theme\parts\filter-form.php на строке 15

2021-08-22T04:43:00+00:00 CRITICAL syntax error, unexpected '}', expecting ',' or ';' в E:\OSPanel\domains\motomarket.loc\app\content\themes\gulp-theme\parts\filter-form.php на строке 15

2021-08-22T04:43:00+00:00 CRITICAL syntax error, unexpected '}', expecting ',' or ';' в E:\OSPanel\domains\motomarket.loc\app\content\themes\gulp-theme\parts\filter-form.php на строке 15

2021-08-22T04:43:02+00:00 CRITICAL syntax error, unexpected '}', expecting ',' or ';' в E:\OSPanel\domains\motomarket.loc\app\content\themes\gulp-theme\parts\filter-form.php на строке 15

2021-08-22T05:11:42+00:00 CRITICAL syntax error, unexpected '}', expecting end of file в E:\OSPanel\domains\motomarket.loc\app\content\themes\gulp-theme\parts\filter-form.php на строке 92

2021-08-22T05:11:47+00:00 CRITICAL syntax error, unexpected '}', expecting end of file в E:\OSPanel\domains\motomarket.loc\app\content\themes\gulp-theme\parts\filter-form.php на строке 125

2021-08-22T05:13:30+00:00 CRITICAL syntax error, unexpected '$sub_cats' (T_VARIABLE) в E:\OSPanel\domains\motomarket.loc\app\content\themes\gulp-theme\parts\filter-form.php на строке 76

2021-08-22T05:13:31+00:00 CRITICAL syntax error, unexpected '$sub_cats' (T_VARIABLE) в E:\OSPanel\domains\motomarket.loc\app\content\themes\gulp-theme\parts\filter-form.php на строке 76

2021-08-22T05:13:32+00:00 CRITICAL syntax error, unexpected '$sub_cats' (T_VARIABLE) в E:\OSPanel\domains\motomarket.loc\app\content\themes\gulp-theme\parts\filter-form.php на строке 76

2021-08-22T05:13:35+00:00 CRITICAL syntax error, unexpected '$sub_cats' (T_VARIABLE) в E:\OSPanel\domains\motomarket.loc\app\content\themes\gulp-theme\parts\filter-form.php на строке 76

2021-08-22T05:16:14+00:00 CRITICAL syntax error, unexpected end of file, expecting elseif (T_ELSEIF) or else (T_ELSE) or endif (T_ENDIF) в E:\OSPanel\domains\motomarket.loc\app\content\themes\gulp-theme\parts\filter-form.php на строке 198

2021-08-22T05:16:14+00:00 CRITICAL syntax error, unexpected end of file, expecting elseif (T_ELSEIF) or else (T_ELSE) or endif (T_ENDIF) в E:\OSPanel\domains\motomarket.loc\app\content\themes\gulp-theme\parts\filter-form.php на строке 198

2021-08-22T05:16:19+00:00 CRITICAL syntax error, unexpected ')' в E:\OSPanel\domains\motomarket.loc\app\content\themes\gulp-theme\parts\filter-form.php на строке 70

2021-08-22T05:16:21+00:00 CRITICAL syntax error, unexpected ')' в E:\OSPanel\domains\motomarket.loc\app\content\themes\gulp-theme\parts\filter-form.php на строке 71

2021-08-22T05:16:25+00:00 CRITICAL syntax error, unexpected ')' в E:\OSPanel\domains\motomarket.loc\app\content\themes\gulp-theme\parts\filter-form.php на строке 72

2021-08-22T05:16:28+00:00 CRITICAL syntax error, unexpected ')' в E:\OSPanel\domains\motomarket.loc\app\content\themes\gulp-theme\parts\filter-form.php на строке 73

2021-08-22T05:16:31+00:00 CRITICAL syntax error, unexpected ')' в E:\OSPanel\domains\motomarket.loc\app\content\themes\gulp-theme\parts\filter-form.php на строке 74

2021-08-22T05:16:33+00:00 CRITICAL syntax error, unexpected ')' в E:\OSPanel\domains\motomarket.loc\app\content\themes\gulp-theme\parts\filter-form.php на строке 75

2021-08-22T05:16:36+00:00 CRITICAL syntax error, unexpected ')' в E:\OSPanel\domains\motomarket.loc\app\content\themes\gulp-theme\parts\filter-form.php на строке 75

2021-08-22T05:16:37+00:00 CRITICAL syntax error, unexpected ')' в E:\OSPanel\domains\motomarket.loc\app\content\themes\gulp-theme\parts\filter-form.php на строке 75

2021-08-22T05:16:40+00:00 CRITICAL syntax error, unexpected ')' в E:\OSPanel\domains\motomarket.loc\app\content\themes\gulp-theme\parts\filter-form.php на строке 76

2021-08-22T05:16:43+00:00 CRITICAL syntax error, unexpected ')' в E:\OSPanel\domains\motomarket.loc\app\content\themes\gulp-theme\parts\filter-form.php на строке 77

2021-08-22T05:16:46+00:00 CRITICAL syntax error, unexpected '$categories' (T_VARIABLE) в E:\OSPanel\domains\motomarket.loc\app\content\themes\gulp-theme\parts\filter-form.php на строке 79

2021-08-22T05:16:47+00:00 CRITICAL syntax error, unexpected '$categories' (T_VARIABLE) в E:\OSPanel\domains\motomarket.loc\app\content\themes\gulp-theme\parts\filter-form.php на строке 79

2021-08-22T05:16:50+00:00 CRITICAL syntax error, unexpected '$categories' (T_VARIABLE) в E:\OSPanel\domains\motomarket.loc\app\content\themes\gulp-theme\parts\filter-form.php на строке 79

2021-08-22T05:16:52+00:00 CRITICAL syntax error, unexpected '$categories' (T_VARIABLE) в E:\OSPanel\domains\motomarket.loc\app\content\themes\gulp-theme\parts\filter-form.php на строке 79

2021-08-22T05:16:55+00:00 CRITICAL syntax error, unexpected '$categories' (T_VARIABLE) в E:\OSPanel\domains\motomarket.loc\app\content\themes\gulp-theme\parts\filter-form.php на строке 79

2021-08-22T05:17:00+00:00 CRITICAL syntax error, unexpected '$categories' (T_VARIABLE) в E:\OSPanel\domains\motomarket.loc\app\content\themes\gulp-theme\parts\filter-form.php на строке 79

2021-08-22T05:17:00+00:00 CRITICAL syntax error, unexpected '$categories' (T_VARIABLE) в E:\OSPanel\domains\motomarket.loc\app\content\themes\gulp-theme\parts\filter-form.php на строке 79

