2021-08-19T06:49:19+00:00 CRITICAL syntax error, unexpected 'б' (T_STRING), expecting ')' в E:\OSPanel\domains\motomarket.loc\app\content\themes\gulp-theme\functions.php на строке 389

2021-08-19T06:49:20+00:00 CRITICAL syntax error, unexpected 'б' (T_STRING), expecting ')' в E:\OSPanel\domains\motomarket.loc\app\content\themes\gulp-theme\functions.php на строке 389

2021-08-19T07:02:03+00:00 CRITICAL Uncaught Error: Call to undefined function фвв_action() in E:\OSPanel\domains\motomarket.loc\app\content\themes\gulp-theme\functions.php:388
Stack trace:
#0 E:\OSPanel\domains\motomarket.loc\app\wp\wp-settings.php(546): include()
#1 E:\OSPanel\domains\motomarket.loc\app\wp-config.php(77): require_once('E:\\OSPanel\\doma...')
#2 E:\OSPanel\domains\motomarket.loc\app\wp\wp-load.php(55): require_once('E:\\OSPanel\\doma...')
#3 E:\OSPanel\domains\motomarket.loc\app\wp\wp-blog-header.php(13): require_once('E:\\OSPanel\\doma...')
#4 E:\OSPanel\domains\motomarket.loc\app\index.php(17): require('E:\\OSPanel\\doma...')
#5 {main}
  thrown в E:\OSPanel\domains\motomarket.loc\app\content\themes\gulp-theme\functions.php на строке 388

2021-08-19T07:02:03+00:00 CRITICAL Uncaught Error: Call to undefined function фвв_action() in E:\OSPanel\domains\motomarket.loc\app\content\themes\gulp-theme\functions.php:388
Stack trace:
#0 E:\OSPanel\domains\motomarket.loc\app\wp\wp-settings.php(546): include()
#1 E:\OSPanel\domains\motomarket.loc\app\wp-config.php(77): require_once('E:\\OSPanel\\doma...')
#2 E:\OSPanel\domains\motomarket.loc\app\wp\wp-load.php(55): require_once('E:\\OSPanel\\doma...')
#3 E:\OSPanel\domains\motomarket.loc\app\wp\wp-blog-header.php(13): require_once('E:\\OSPanel\\doma...')
#4 E:\OSPanel\domains\motomarket.loc\app\index.php(17): require('E:\\OSPanel\\doma...')
#5 {main}
  thrown в E:\OSPanel\domains\motomarket.loc\app\content\themes\gulp-theme\functions.php на строке 388

2021-08-19T07:02:04+00:00 CRITICAL Uncaught Error: Call to undefined function _action() in E:\OSPanel\domains\motomarket.loc\app\content\themes\gulp-theme\functions.php:388
Stack trace:
#0 E:\OSPanel\domains\motomarket.loc\app\wp\wp-settings.php(546): include()
#1 E:\OSPanel\domains\motomarket.loc\app\wp-config.php(77): require_once('E:\\OSPanel\\doma...')
#2 E:\OSPanel\domains\motomarket.loc\app\wp\wp-load.php(55): require_once('E:\\OSPanel\\doma...')
#3 E:\OSPanel\domains\motomarket.loc\app\wp\wp-blog-header.php(13): require_once('E:\\OSPanel\\doma...')
#4 E:\OSPanel\domains\motomarket.loc\app\index.php(17): require('E:\\OSPanel\\doma...')
#5 {main}
  thrown в E:\OSPanel\domains\motomarket.loc\app\content\themes\gulp-theme\functions.php на строке 388

2021-08-19T07:25:44+00:00 CRITICAL Uncaught Error: Call to undefined function remo_action() in E:\OSPanel\domains\motomarket.loc\app\content\themes\gulp-theme\functions.php:388
Stack trace:
#0 E:\OSPanel\domains\motomarket.loc\app\wp\wp-settings.php(546): include()
#1 E:\OSPanel\domains\motomarket.loc\app\wp-config.php(77): require_once('E:\\OSPanel\\doma...')
#2 E:\OSPanel\domains\motomarket.loc\app\wp\wp-load.php(55): require_once('E:\\OSPanel\\doma...')
#3 E:\OSPanel\domains\motomarket.loc\app\wp\wp-blog-header.php(13): require_once('E:\\OSPanel\\doma...')
#4 E:\OSPanel\domains\motomarket.loc\app\index.php(17): require('E:\\OSPanel\\doma...')
#5 {main}
  thrown в E:\OSPanel\domains\motomarket.loc\app\content\themes\gulp-theme\functions.php на строке 388

2021-08-19T07:25:44+00:00 CRITICAL Uncaught Error: Call to undefined function remo_action() in E:\OSPanel\domains\motomarket.loc\app\content\themes\gulp-theme\functions.php:388
Stack trace:
#0 E:\OSPanel\domains\motomarket.loc\app\wp\wp-settings.php(546): include()
#1 E:\OSPanel\domains\motomarket.loc\app\wp-config.php(77): require_once('E:\\OSPanel\\doma...')
#2 E:\OSPanel\domains\motomarket.loc\app\wp\wp-load.php(55): require_once('E:\\OSPanel\\doma...')
#3 E:\OSPanel\domains\motomarket.loc\app\wp\wp-blog-header.php(13): require_once('E:\\OSPanel\\doma...')
#4 E:\OSPanel\domains\motomarket.loc\app\index.php(17): require('E:\\OSPanel\\doma...')
#5 {main}
  thrown в E:\OSPanel\domains\motomarket.loc\app\content\themes\gulp-theme\functions.php на строке 388

2021-08-19T08:31:42+00:00 CRITICAL syntax error, unexpected 'return' (T_RETURN), expecting '(' в E:\OSPanel\domains\motomarket.loc\app\content\themes\gulp-theme\functions.php на строке 406

2021-08-19T08:31:43+00:00 CRITICAL syntax error, unexpected 'return' (T_RETURN), expecting '(' в E:\OSPanel\domains\motomarket.loc\app\content\themes\gulp-theme\functions.php на строке 406

2021-08-19T08:34:26+00:00 CRITICAL syntax error, unexpected end of file в E:\OSPanel\domains\motomarket.loc\app\content\themes\gulp-theme\functions.php на строке 408

2021-08-19T08:34:26+00:00 CRITICAL syntax error, unexpected end of file в E:\OSPanel\domains\motomarket.loc\app\content\themes\gulp-theme\functions.php на строке 408

2021-08-19T08:39:29+00:00 CRITICAL Uncaught Error: Call to a member function get_attribute() on null in E:\OSPanel\domains\motomarket.loc\app\content\themes\gulp-theme\woocommerce\cart\cart.php:88
Stack trace:
#0 E:\OSPanel\domains\motomarket.loc\app\content\plugins\woocommerce\includes\wc-core-functions.php(345): include()
#1 E:\OSPanel\domains\motomarket.loc\app\content\plugins\woocommerce\includes\shortcodes\class-wc-shortcode-cart.php(99): wc_get_template('cart/cart.php')
#2 E:\OSPanel\domains\motomarket.loc\app\content\plugins\woocommerce\includes\class-wc-shortcodes.php(72): WC_Shortcode_Cart::output(Array)
#3 E:\OSPanel\domains\motomarket.loc\app\content\plugins\woocommerce\includes\class-wc-shortcodes.php(85): WC_Shortcodes::shortcode_wrapper(Array)
#4 E:\OSPanel\domains\motomarket.loc\app\wp\wp-includes\shortcodes.php(356): WC_Shortcodes::cart('', '', 'woocommerce_car...')
#5 [internal function]: do_shortcode_tag(Array)
#6 E:\OSPanel\domains\motomarket.loc\app\wp\wp-includes\shortcodes.php(228): preg_replace_callback('/\\[(\\[?)(wooco в E:\OSPanel\domains\motomarket.loc\app\content\themes\gulp-theme\woocommerce\cart\cart.php на строке 88

2021-08-19T08:39:31+00:00 CRITICAL syntax error, unexpected '->' (T_OBJECT_OPERATOR) в E:\OSPanel\domains\motomarket.loc\app\content\themes\gulp-theme\woocommerce\cart\cart.php на строке 88

2021-08-19T08:39:32+00:00 CRITICAL Uncaught Error: Call to a member function get_attribute() on null in E:\OSPanel\domains\motomarket.loc\app\content\themes\gulp-theme\woocommerce\cart\cart.php:88
Stack trace:
#0 E:\OSPanel\domains\motomarket.loc\app\content\plugins\woocommerce\includes\wc-core-functions.php(345): include()
#1 E:\OSPanel\domains\motomarket.loc\app\content\plugins\woocommerce\includes\shortcodes\class-wc-shortcode-cart.php(99): wc_get_template('cart/cart.php')
#2 E:\OSPanel\domains\motomarket.loc\app\content\plugins\woocommerce\includes\class-wc-shortcodes.php(72): WC_Shortcode_Cart::output(Array)
#3 E:\OSPanel\domains\motomarket.loc\app\content\plugins\woocommerce\includes\class-wc-shortcodes.php(85): WC_Shortcodes::shortcode_wrapper(Array)
#4 E:\OSPanel\domains\motomarket.loc\app\wp\wp-includes\shortcodes.php(356): WC_Shortcodes::cart('', '', 'woocommerce_car...')
#5 [internal function]: do_shortcode_tag(Array)
#6 E:\OSPanel\domains\motomarket.loc\app\wp\wp-includes\shortcodes.php(228): preg_replace_callback('/\\[(\\[?)(wooco в E:\OSPanel\domains\motomarket.loc\app\content\themes\gulp-theme\woocommerce\cart\cart.php на строке 88

2021-08-19T08:39:37+00:00 CRITICAL Uncaught Error: Call to a member function get_attribute() on null in E:\OSPanel\domains\motomarket.loc\app\content\themes\gulp-theme\woocommerce\cart\cart.php:88
Stack trace:
#0 E:\OSPanel\domains\motomarket.loc\app\content\plugins\woocommerce\includes\wc-core-functions.php(345): include()
#1 E:\OSPanel\domains\motomarket.loc\app\content\plugins\woocommerce\includes\shortcodes\class-wc-shortcode-cart.php(99): wc_get_template('cart/cart.php')
#2 E:\OSPanel\domains\motomarket.loc\app\content\plugins\woocommerce\includes\class-wc-shortcodes.php(72): WC_Shortcode_Cart::output(Array)
#3 E:\OSPanel\domains\motomarket.loc\app\content\plugins\woocommerce\includes\class-wc-shortcodes.php(85): WC_Shortcodes::shortcode_wrapper(Array)
#4 E:\OSPanel\domains\motomarket.loc\app\wp\wp-includes\shortcodes.php(356): WC_Shortcodes::cart('', '', 'woocommerce_car...')
#5 [internal function]: do_shortcode_tag(Array)
#6 E:\OSPanel\domains\motomarket.loc\app\wp\wp-includes\shortcodes.php(228): preg_replace_callback('/\\[(\\[?)(wooco в E:\OSPanel\domains\motomarket.loc\app\content\themes\gulp-theme\woocommerce\cart\cart.php на строке 88

2021-08-19T08:39:50+00:00 CRITICAL Uncaught Error: Call to a member function get_attribute() on null in E:\OSPanel\domains\motomarket.loc\app\content\themes\gulp-theme\woocommerce\cart\cart.php:87
Stack trace:
#0 E:\OSPanel\domains\motomarket.loc\app\content\plugins\woocommerce\includes\wc-core-functions.php(345): include()
#1 E:\OSPanel\domains\motomarket.loc\app\content\plugins\woocommerce\includes\shortcodes\class-wc-shortcode-cart.php(99): wc_get_template('cart/cart.php')
#2 E:\OSPanel\domains\motomarket.loc\app\content\plugins\woocommerce\includes\class-wc-shortcodes.php(72): WC_Shortcode_Cart::output(Array)
#3 E:\OSPanel\domains\motomarket.loc\app\content\plugins\woocommerce\includes\class-wc-shortcodes.php(85): WC_Shortcodes::shortcode_wrapper(Array)
#4 E:\OSPanel\domains\motomarket.loc\app\wp\wp-includes\shortcodes.php(356): WC_Shortcodes::cart('', '', 'woocommerce_car...')
#5 [internal function]: do_shortcode_tag(Array)
#6 E:\OSPanel\domains\motomarket.loc\app\wp\wp-includes\shortcodes.php(228): preg_replace_callback('/\\[(\\[?)(wooco в E:\OSPanel\domains\motomarket.loc\app\content\themes\gulp-theme\woocommerce\cart\cart.php на строке 87

2021-08-19T08:40:55+00:00 CRITICAL syntax error, unexpected '.' в E:\OSPanel\domains\motomarket.loc\app\content\themes\gulp-theme\woocommerce\cart\cart.php на строке 88

2021-08-19T08:43:41+00:00 CRITICAL syntax error, unexpected 'echo' (T_ECHO) в E:\OSPanel\domains\motomarket.loc\app\content\themes\gulp-theme\woocommerce\cart\cart.php на строке 88

2021-08-19T08:43:44+00:00 CRITICAL syntax error, unexpected ')' в E:\OSPanel\domains\motomarket.loc\app\content\themes\gulp-theme\woocommerce\cart\cart.php на строке 87

2021-08-19T08:43:45+00:00 CRITICAL syntax error, unexpected ')' в E:\OSPanel\domains\motomarket.loc\app\content\themes\gulp-theme\woocommerce\cart\cart.php на строке 87

2021-08-19T08:43:47+00:00 CRITICAL syntax error, unexpected ')' в E:\OSPanel\domains\motomarket.loc\app\content\themes\gulp-theme\woocommerce\cart\cart.php на строке 87

2021-08-19T08:43:52+00:00 CRITICAL syntax error, unexpected ')' в E:\OSPanel\domains\motomarket.loc\app\content\themes\gulp-theme\woocommerce\cart\cart.php на строке 87

2021-08-19T08:44:20+00:00 CRITICAL syntax error, unexpected end of file в E:\OSPanel\domains\motomarket.loc\app\content\themes\gulp-theme\woocommerce\cart\cart.php на строке 199

2021-08-19T08:44:22+00:00 CRITICAL syntax error, unexpected end of file в E:\OSPanel\domains\motomarket.loc\app\content\themes\gulp-theme\woocommerce\cart\cart.php на строке 199

2021-08-19T08:49:50+00:00 CRITICAL syntax error, unexpected '?>' в E:\OSPanel\domains\motomarket.loc\app\content\themes\gulp-theme\woocommerce\cart\cart.php на строке 56

2021-08-19T08:49:51+00:00 CRITICAL syntax error, unexpected '?>' в E:\OSPanel\domains\motomarket.loc\app\content\themes\gulp-theme\woocommerce\cart\cart.php на строке 56

2021-08-19T08:57:31+00:00 CRITICAL syntax error, unexpected ';' в E:\OSPanel\domains\motomarket.loc\app\content\themes\gulp-theme\woocommerce\cart\cart.php на строке 59

2021-08-19T08:57:32+00:00 CRITICAL syntax error, unexpected ';' в E:\OSPanel\domains\motomarket.loc\app\content\themes\gulp-theme\woocommerce\cart\cart.php на строке 59

2021-08-19T09:51:38+00:00 CRITICAL syntax error, unexpected '<', expecting end of file в E:\OSPanel\domains\motomarket.loc\app\content\themes\gulp-theme\woocommerce\checkout\payment.php на строке 73

2021-08-19T09:51:41+00:00 CRITICAL syntax error, unexpected '<', expecting end of file в E:\OSPanel\domains\motomarket.loc\app\content\themes\gulp-theme\woocommerce\checkout\payment.php на строке 73

2021-08-19T12:08:31+00:00 CRITICAL syntax error, unexpected '/' в E:\OSPanel\domains\motomarket.loc\app\content\themes\gulp-theme\footer.php на строке 33

2021-08-19T14:08:52+00:00 CRITICAL Cannot redeclare alex_catalogfilter_function() (previously declared in E:\OSPanel\domains\motomarket.loc\app\content\themes\gulp-theme\parts\catalog-filter.php:7) в E:\OSPanel\domains\motomarket.loc\app\content\themes\gulp-theme\parts\catalog-filter.php на строке 134

2021-08-19T14:08:53+00:00 CRITICAL Cannot redeclare alex_catalogfilter_function() (previously declared in E:\OSPanel\domains\motomarket.loc\app\content\themes\gulp-theme\parts\catalog-filter.php:7) в E:\OSPanel\domains\motomarket.loc\app\content\themes\gulp-theme\parts\catalog-filter.php на строке 134

