2021-08-30T03:18:32+00:00 CRITICAL syntax error, unexpected '}', expecting end of file в E:\OSPanel\domains\motomarket.loc\app\content\themes\gulp-theme\woocommerce\archive-product.php на строке 167

2021-08-30T03:19:29+00:00 CRITICAL syntax error, unexpected '}', expecting end of file в E:\OSPanel\domains\motomarket.loc\app\content\themes\gulp-theme\woocommerce\archive-product.php на строке 179

2021-08-30T03:24:04+00:00 CRITICAL syntax error, unexpected '$wp_query' (T_VARIABLE) в E:\OSPanel\domains\motomarket.loc\app\content\themes\gulp-theme\woocommerce\archive-product.php на строке 126

2021-08-30T03:24:04+00:00 CRITICAL syntax error, unexpected '$wp_query' (T_VARIABLE) в E:\OSPanel\domains\motomarket.loc\app\content\themes\gulp-theme\woocommerce\archive-product.php на строке 126

2021-08-30T03:24:06+00:00 CRITICAL syntax error, unexpected '$wp_query' (T_VARIABLE) в E:\OSPanel\domains\motomarket.loc\app\content\themes\gulp-theme\woocommerce\archive-product.php на строке 126

2021-08-30T03:24:08+00:00 CRITICAL syntax error, unexpected '$wp_query' (T_VARIABLE) в E:\OSPanel\domains\motomarket.loc\app\content\themes\gulp-theme\woocommerce\archive-product.php на строке 126

2021-08-30T03:24:10+00:00 CRITICAL syntax error, unexpected ';', expecting ')' в E:\OSPanel\domains\motomarket.loc\app\content\themes\gulp-theme\woocommerce\archive-product.php на строке 126

2021-08-30T03:24:10+00:00 CRITICAL syntax error, unexpected ';', expecting ')' в E:\OSPanel\domains\motomarket.loc\app\content\themes\gulp-theme\woocommerce\archive-product.php на строке 126

2021-08-30T03:24:14+00:00 CRITICAL syntax error, unexpected ';', expecting ')' в E:\OSPanel\domains\motomarket.loc\app\content\themes\gulp-theme\woocommerce\archive-product.php на строке 126

2021-08-30T03:24:46+00:00 CRITICAL syntax error, unexpected 'endif' (T_ENDIF) в E:\OSPanel\domains\motomarket.loc\app\content\themes\gulp-theme\woocommerce\archive-product.php на строке 146

2021-08-30T03:26:39+00:00 CRITICAL syntax error, unexpected '=', expecting ')' в E:\OSPanel\domains\motomarket.loc\app\content\themes\gulp-theme\woocommerce\archive-product.php на строке 59

2021-08-30T11:54:23+00:00 CRITICAL syntax error, unexpected '.', expecting end of file в E:\OSPanel\domains\motomarket.loc\app\content\themes\gulp-theme\woocommerce\myaccount\form-login.php на строке 22

2021-08-30T11:54:24+00:00 CRITICAL syntax error, unexpected '.', expecting end of file в E:\OSPanel\domains\motomarket.loc\app\content\themes\gulp-theme\woocommerce\myaccount\form-login.php на строке 22

2021-08-30T11:54:43+00:00 CRITICAL syntax error, unexpected '<', expecting end of file в E:\OSPanel\domains\motomarket.loc\app\content\themes\gulp-theme\woocommerce\myaccount\form-login.php на строке 22

2021-08-30T11:54:45+00:00 CRITICAL syntax error, unexpected '<', expecting end of file в E:\OSPanel\domains\motomarket.loc\app\content\themes\gulp-theme\woocommerce\myaccount\form-login.php на строке 22

2021-08-30T12:03:58+00:00 CRITICAL syntax error, unexpected ';' в E:\OSPanel\domains\motomarket.loc\app\content\themes\gulp-theme\woocommerce\myaccount\form-login.php на строке 32

2021-08-30T14:50:47+00:00 CRITICAL Object of class WP_User could not be converted to string в E:\OSPanel\domains\motomarket.loc\app\content\themes\gulp-theme\woocommerce\myaccount\form-edit-account.php на строке 40

2021-08-30T14:50:55+00:00 CRITICAL Object of class WP_User could not be converted to string в E:\OSPanel\domains\motomarket.loc\app\content\themes\gulp-theme\woocommerce\myaccount\form-edit-account.php на строке 40

2021-08-30T15:05:18+00:00 CRITICAL syntax error, unexpected ')', expecting identifier (T_STRING) or variable (T_VARIABLE) or '{' or '$' в E:\OSPanel\domains\motomarket.loc\app\content\themes\gulp-theme\woocommerce\myaccount\form-edit-account.php на строке 43

2021-08-30T15:18:44+00:00 CRITICAL syntax error, unexpected 'echo' (T_ECHO) в E:\OSPanel\domains\motomarket.loc\app\content\themes\gulp-theme\woocommerce\myaccount\form-edit-account.php на строке 43

2021-08-30T15:18:47+00:00 CRITICAL syntax error, unexpected ';', expecting ')' в E:\OSPanel\domains\motomarket.loc\app\content\themes\gulp-theme\woocommerce\myaccount\form-edit-account.php на строке 43

2021-08-30T15:19:40+00:00 CRITICAL syntax error, unexpected ';', expecting ')' в E:\OSPanel\domains\motomarket.loc\app\content\themes\gulp-theme\woocommerce\myaccount\form-edit-account.php на строке 43

2021-08-30T15:19:43+00:00 CRITICAL syntax error, unexpected ';', expecting ')' в E:\OSPanel\domains\motomarket.loc\app\content\themes\gulp-theme\woocommerce\myaccount\form-edit-account.php на строке 43

