2021-09-02T06:27:15+00:00 CRITICAL Uncaught ArgumentCountError: Too few arguments to function the_field(), 0 passed in E:\OSPanel\domains\motomarket.loc\app\content\themes\gulp-theme\parts\popup.php on line 12 and at least 1 expected in E:\OSPanel\domains\motomarket.loc\app\content\plugins\advanced-custom-fields-pro\includes\api\api-template.php:79
Stack trace:
#0 E:\OSPanel\domains\motomarket.loc\app\content\themes\gulp-theme\parts\popup.php(12): the_field()
#1 E:\OSPanel\domains\motomarket.loc\app\wp\wp-includes\template.php(772): require('E:\\OSPanel\\doma...')
#2 E:\OSPanel\domains\motomarket.loc\app\wp\wp-includes\template.php(716): load_template('E:\\OSPanel\\doma...', false, Array)
#3 E:\OSPanel\domains\motomarket.loc\app\wp\wp-includes\general-template.php(204): locate_template(Array, true, false, Array)
#4 E:\OSPanel\domains\motomarket.loc\app\content\themes\gulp-theme\footer.php(33): get_template_part('./parts/popup')
#5 E:\OSPanel\domains\motomarket.loc\app\wp\wp-includes\template.php(770): require_once('E:\\OSPanel\\doma...')
#6 E: в E:\OSPanel\domains\motomarket.loc\app\content\plugins\advanced-custom-fields-pro\includes\api\api-template.php на строке 79

2021-09-02T06:27:16+00:00 CRITICAL Uncaught ArgumentCountError: Too few arguments to function the_field(), 0 passed in E:\OSPanel\domains\motomarket.loc\app\content\themes\gulp-theme\parts\popup.php on line 12 and at least 1 expected in E:\OSPanel\domains\motomarket.loc\app\content\plugins\advanced-custom-fields-pro\includes\api\api-template.php:79
Stack trace:
#0 E:\OSPanel\domains\motomarket.loc\app\content\themes\gulp-theme\parts\popup.php(12): the_field()
#1 E:\OSPanel\domains\motomarket.loc\app\wp\wp-includes\template.php(772): require('E:\\OSPanel\\doma...')
#2 E:\OSPanel\domains\motomarket.loc\app\wp\wp-includes\template.php(716): load_template('E:\\OSPanel\\doma...', false, Array)
#3 E:\OSPanel\domains\motomarket.loc\app\wp\wp-includes\general-template.php(204): locate_template(Array, true, false, Array)
#4 E:\OSPanel\domains\motomarket.loc\app\content\themes\gulp-theme\footer.php(33): get_template_part('./parts/popup')
#5 E:\OSPanel\domains\motomarket.loc\app\wp\wp-includes\template.php(770): require_once('E:\\OSPanel\\doma...')
#6 E: в E:\OSPanel\domains\motomarket.loc\app\content\plugins\advanced-custom-fields-pro\includes\api\api-template.php на строке 79

2021-09-02T06:27:17+00:00 CRITICAL Uncaught ArgumentCountError: Too few arguments to function the_field(), 0 passed in E:\OSPanel\domains\motomarket.loc\app\content\themes\gulp-theme\parts\popup.php on line 12 and at least 1 expected in E:\OSPanel\domains\motomarket.loc\app\content\plugins\advanced-custom-fields-pro\includes\api\api-template.php:79
Stack trace:
#0 E:\OSPanel\domains\motomarket.loc\app\content\themes\gulp-theme\parts\popup.php(12): the_field()
#1 E:\OSPanel\domains\motomarket.loc\app\wp\wp-includes\template.php(772): require('E:\\OSPanel\\doma...')
#2 E:\OSPanel\domains\motomarket.loc\app\wp\wp-includes\template.php(716): load_template('E:\\OSPanel\\doma...', false, Array)
#3 E:\OSPanel\domains\motomarket.loc\app\wp\wp-includes\general-template.php(204): locate_template(Array, true, false, Array)
#4 E:\OSPanel\domains\motomarket.loc\app\content\themes\gulp-theme\footer.php(33): get_template_part('./parts/popup')
#5 E:\OSPanel\domains\motomarket.loc\app\wp\wp-includes\template.php(770): require_once('E:\\OSPanel\\doma...')
#6 E: в E:\OSPanel\domains\motomarket.loc\app\content\plugins\advanced-custom-fields-pro\includes\api\api-template.php на строке 79

2021-09-02T06:27:18+00:00 CRITICAL Uncaught ArgumentCountError: Too few arguments to function the_field(), 0 passed in E:\OSPanel\domains\motomarket.loc\app\content\themes\gulp-theme\parts\popup.php on line 12 and at least 1 expected in E:\OSPanel\domains\motomarket.loc\app\content\plugins\advanced-custom-fields-pro\includes\api\api-template.php:79
Stack trace:
#0 E:\OSPanel\domains\motomarket.loc\app\content\themes\gulp-theme\parts\popup.php(12): the_field()
#1 E:\OSPanel\domains\motomarket.loc\app\wp\wp-includes\template.php(772): require('E:\\OSPanel\\doma...')
#2 E:\OSPanel\domains\motomarket.loc\app\wp\wp-includes\template.php(716): load_template('E:\\OSPanel\\doma...', false, Array)
#3 E:\OSPanel\domains\motomarket.loc\app\wp\wp-includes\general-template.php(204): locate_template(Array, true, false, Array)
#4 E:\OSPanel\domains\motomarket.loc\app\content\themes\gulp-theme\footer.php(33): get_template_part('./parts/popup')
#5 E:\OSPanel\domains\motomarket.loc\app\wp\wp-includes\template.php(770): require_once('E:\\OSPanel\\doma...')
#6 E: в E:\OSPanel\domains\motomarket.loc\app\content\plugins\advanced-custom-fields-pro\includes\api\api-template.php на строке 79

