2021-08-29T04:02:47+00:00 CRITICAL syntax error, unexpected ')' в E:\OSPanel\domains\motomarket.loc\app\content\themes\gulp-theme\parts\search-ajax.php на строке 45

2021-08-29T04:02:47+00:00 CRITICAL syntax error, unexpected ')' в E:\OSPanel\domains\motomarket.loc\app\content\themes\gulp-theme\parts\search-ajax.php на строке 45

2021-08-29T04:19:12+00:00 CRITICAL syntax error, unexpected '$args' (T_VARIABLE) в E:\OSPanel\domains\motomarket.loc\app\content\themes\gulp-theme\search.php на строке 9

2021-08-29T04:19:14+00:00 CRITICAL syntax error, unexpected '$args' (T_VARIABLE) в E:\OSPanel\domains\motomarket.loc\app\content\themes\gulp-theme\search.php на строке 9

2021-08-29T04:19:19+00:00 CRITICAL syntax error, unexpected '$args' (T_VARIABLE) в E:\OSPanel\domains\motomarket.loc\app\content\themes\gulp-theme\search.php на строке 9

2021-08-29T04:19:22+00:00 CRITICAL syntax error, unexpected '$args' (T_VARIABLE) в E:\OSPanel\domains\motomarket.loc\app\content\themes\gulp-theme\search.php на строке 9

2021-08-29T04:28:13+00:00 CRITICAL syntax error, unexpected 'query_posts' (T_STRING) в E:\OSPanel\domains\motomarket.loc\app\content\themes\gulp-theme\search.php на строке 25

2021-08-29T04:28:23+00:00 CRITICAL syntax error, unexpected 'exit' (T_EXIT) в E:\OSPanel\domains\motomarket.loc\app\content\themes\gulp-theme\parts\search-ajax.php на строке 64

2021-08-29T04:28:24+00:00 CRITICAL syntax error, unexpected 'exit' (T_EXIT) в E:\OSPanel\domains\motomarket.loc\app\content\themes\gulp-theme\parts\search-ajax.php на строке 64

2021-08-29T06:18:50+00:00 CRITICAL syntax error, unexpected 'endif' (T_ENDIF), expecting end of file в E:\OSPanel\domains\motomarket.loc\app\content\themes\gulp-theme\page-result-search.php на строке 49

2021-08-29T06:21:16+00:00 CRITICAL syntax error, unexpected ')', expecting ',' or ';' в E:\OSPanel\domains\motomarket.loc\app\content\themes\gulp-theme\page-result-search.php на строке 40

2021-08-29T06:21:18+00:00 CRITICAL syntax error, unexpected ')', expecting ',' or ';' в E:\OSPanel\domains\motomarket.loc\app\content\themes\gulp-theme\page-result-search.php на строке 40

2021-08-29T06:24:35+00:00 CRITICAL syntax error, unexpected ')', expecting ',' or ';' в E:\OSPanel\domains\motomarket.loc\app\content\themes\gulp-theme\page-result-search.php на строке 40

2021-08-29T06:25:59+00:00 CRITICAL syntax error, unexpected ';', expecting ')' в E:\OSPanel\domains\motomarket.loc\app\content\themes\gulp-theme\page-result-search.php на строке 39

2021-08-29T06:52:27+00:00 CRITICAL syntax error, unexpected end of file в E:\OSPanel\domains\motomarket.loc\app\content\themes\gulp-theme\woocommerce\archive-product.php на строке 171

2021-08-29T06:52:28+00:00 CRITICAL syntax error, unexpected end of file в E:\OSPanel\domains\motomarket.loc\app\content\themes\gulp-theme\woocommerce\archive-product.php на строке 171

2021-08-29T06:52:34+00:00 CRITICAL syntax error, unexpected end of file в E:\OSPanel\domains\motomarket.loc\app\content\themes\gulp-theme\woocommerce\archive-product.php на строке 170

2021-08-29T06:56:02+00:00 CRITICAL syntax error, unexpected ',' в E:\OSPanel\domains\motomarket.loc\app\content\themes\gulp-theme\woocommerce\archive-product.php на строке 171

2021-08-29T06:56:05+00:00 CRITICAL syntax error, unexpected end of file в E:\OSPanel\domains\motomarket.loc\app\content\themes\gulp-theme\woocommerce\archive-product.php на строке 173

2021-08-29T06:56:06+00:00 CRITICAL syntax error, unexpected end of file в E:\OSPanel\domains\motomarket.loc\app\content\themes\gulp-theme\woocommerce\archive-product.php на строке 173

2021-08-29T06:56:06+00:00 CRITICAL syntax error, unexpected end of file в E:\OSPanel\domains\motomarket.loc\app\content\themes\gulp-theme\woocommerce\archive-product.php на строке 173

2021-08-29T06:57:48+00:00 CRITICAL syntax error, unexpected 'var' (T_VAR) в E:\OSPanel\domains\motomarket.loc\app\content\themes\gulp-theme\woocommerce\archive-product.php на строке 176

2021-08-29T09:01:38+00:00 CRITICAL syntax error, unexpected ')' в E:\OSPanel\domains\motomarket.loc\app\content\themes\gulp-theme\woocommerce\archive-product.php на строке 185

2021-08-29T09:01:39+00:00 CRITICAL syntax error, unexpected ')' в E:\OSPanel\domains\motomarket.loc\app\content\themes\gulp-theme\woocommerce\archive-product.php на строке 185

2021-08-29T09:01:40+00:00 CRITICAL syntax error, unexpected ')' в E:\OSPanel\domains\motomarket.loc\app\content\themes\gulp-theme\woocommerce\archive-product.php на строке 185

2021-08-29T09:01:43+00:00 CRITICAL syntax error, unexpected ')' в E:\OSPanel\domains\motomarket.loc\app\content\themes\gulp-theme\woocommerce\archive-product.php на строке 185

2021-08-29T09:01:45+00:00 CRITICAL syntax error, unexpected ')' в E:\OSPanel\domains\motomarket.loc\app\content\themes\gulp-theme\woocommerce\archive-product.php на строке 185

2021-08-29T09:01:46+00:00 CRITICAL syntax error, unexpected ')' в E:\OSPanel\domains\motomarket.loc\app\content\themes\gulp-theme\woocommerce\archive-product.php на строке 185

2021-08-29T09:01:47+00:00 CRITICAL syntax error, unexpected ')' в E:\OSPanel\domains\motomarket.loc\app\content\themes\gulp-theme\woocommerce\archive-product.php на строке 185

2021-08-29T09:03:37+00:00 CRITICAL syntax error, unexpected '?>', expecting '(' в E:\OSPanel\domains\motomarket.loc\app\content\themes\gulp-theme\header.php на строке 55

2021-08-29T09:03:39+00:00 CRITICAL syntax error, unexpected ')' в E:\OSPanel\domains\motomarket.loc\app\content\themes\gulp-theme\header.php на строке 55

2021-08-29T09:03:40+00:00 CRITICAL syntax error, unexpected ')' в E:\OSPanel\domains\motomarket.loc\app\content\themes\gulp-theme\header.php на строке 55

2021-08-29T09:03:41+00:00 CRITICAL syntax error, unexpected ')' в E:\OSPanel\domains\motomarket.loc\app\content\themes\gulp-theme\header.php на строке 55

2021-08-29T09:03:43+00:00 CRITICAL syntax error, unexpected ')' в E:\OSPanel\domains\motomarket.loc\app\content\themes\gulp-theme\header.php на строке 55

2021-08-29T09:03:47+00:00 CRITICAL syntax error, unexpected ')' в E:\OSPanel\domains\motomarket.loc\app\content\themes\gulp-theme\header.php на строке 55

2021-08-29T09:56:20+00:00 CRITICAL syntax error, unexpected 'endif' (T_ENDIF) в E:\OSPanel\domains\motomarket.loc\app\content\themes\gulp-theme\parts\catalog-filter.php на строке 227

2021-08-29T10:07:10+00:00 CRITICAL syntax error, unexpected '?' в E:\OSPanel\domains\motomarket.loc\app\content\themes\gulp-theme\woocommerce\archive-product.php на строке 128

2021-08-29T10:07:11+00:00 CRITICAL syntax error, unexpected '?' в E:\OSPanel\domains\motomarket.loc\app\content\themes\gulp-theme\woocommerce\archive-product.php на строке 128

2021-08-29T10:07:11+00:00 CRITICAL syntax error, unexpected '?' в E:\OSPanel\domains\motomarket.loc\app\content\themes\gulp-theme\woocommerce\archive-product.php на строке 128

