2021-07-24T12:30:46+00:00 CRITICAL require(): Failed opening required 'E:\OSPanel\domains\motomarket.loc\app/content/themes/twentytwentyone/classes/class-twenty-twenty-one-svg-icons.php' (include_path='.') в E:\OSPanel\domains\motomarket.loc\app\content\themes\twentytwentyone\functions.php на строке 527

2021-07-24T12:30:47+00:00 CRITICAL require(): Failed opening required 'E:\OSPanel\domains\motomarket.loc\app/content/themes/twentytwentyone/classes/class-twenty-twenty-one-svg-icons.php' (include_path='.') в E:\OSPanel\domains\motomarket.loc\app\content\themes\twentytwentyone\functions.php на строке 527

2021-07-24T12:31:05+00:00 CRITICAL require(): Failed opening required 'E:\OSPanel\domains\motomarket.loc\app/content/themes/twentytwentyone/classes/class-twenty-twenty-one-svg-icons.php' (include_path='.') в E:\OSPanel\domains\motomarket.loc\app\content\themes\twentytwentyone\functions.php на строке 527

2021-07-24T12:31:10+00:00 CRITICAL require_once(): Failed opening required 'E:\OSPanel\domains\motomarket.loc\app/content/themes/twentytwentyone/classes/class-twenty-twenty-one-dark-mode.php' (include_path='.') в E:\OSPanel\domains\motomarket.loc\app\content\themes\twentytwentyone\functions.php на строке 553

2021-07-24T12:31:11+00:00 CRITICAL require_once(): Failed opening required 'E:\OSPanel\domains\motomarket.loc\app/content/themes/twentytwentyone/classes/class-twenty-twenty-one-dark-mode.php' (include_path='.') в E:\OSPanel\domains\motomarket.loc\app\content\themes\twentytwentyone\functions.php на строке 553

2021-07-24T12:31:11+00:00 CRITICAL require_once(): Failed opening required 'E:\OSPanel\domains\motomarket.loc\app/content/themes/twentytwentyone/classes/class-twenty-twenty-one-dark-mode.php' (include_path='.') в E:\OSPanel\domains\motomarket.loc\app\content\themes\twentytwentyone\functions.php на строке 553

2021-07-24T12:31:11+00:00 CRITICAL require_once(): Failed opening required 'E:\OSPanel\domains\motomarket.loc\app/content/themes/twentytwentyone/classes/class-twenty-twenty-one-dark-mode.php' (include_path='.') в E:\OSPanel\domains\motomarket.loc\app\content\themes\twentytwentyone\functions.php на строке 553

2021-07-24T12:31:19+00:00 CRITICAL Uncaught Error: Class 'Twenty_Twenty_One_Custom_Colors' not found in E:\OSPanel\domains\motomarket.loc\app\content\themes\twentytwentyone\functions.php:129
Stack trace:
#0 E:\OSPanel\domains\motomarket.loc\app\wp\wp-includes\class-wp-hook.php(303): twenty_twenty_one_setup('')
#1 E:\OSPanel\domains\motomarket.loc\app\wp\wp-includes\class-wp-hook.php(327): WP_Hook->apply_filters(NULL, Array)
#2 E:\OSPanel\domains\motomarket.loc\app\wp\wp-includes\plugin.php(470): WP_Hook->do_action(Array)
#3 E:\OSPanel\domains\motomarket.loc\app\wp\wp-settings.php(556): do_action('after_setup_the...')
#4 E:\OSPanel\domains\motomarket.loc\app\wp-config.php(77): require_once('E:\\OSPanel\\doma...')
#5 E:\OSPanel\domains\motomarket.loc\app\wp\wp-load.php(55): require_once('E:\\OSPanel\\doma...')
#6 E:\OSPanel\domains\motomarket.loc\app\wp\wp-blog-header.php(13): require_once('E:\\OSPanel\\doma...')
#7 E:\OSPanel\domains\motomarket.loc\app\index.php(17): require('E:\\OSPanel\\doma...')
#8 {main}
  thrown в E:\OSPanel\domains\motomarket.loc\app\content\themes\twentytwentyone\functions.php на строке 129

2021-07-24T12:31:20+00:00 CRITICAL Uncaught Error: Class 'Twenty_Twenty_One_Custom_Colors' not found in E:\OSPanel\domains\motomarket.loc\app\content\themes\twentytwentyone\functions.php:129
Stack trace:
#0 E:\OSPanel\domains\motomarket.loc\app\wp\wp-includes\class-wp-hook.php(303): twenty_twenty_one_setup('')
#1 E:\OSPanel\domains\motomarket.loc\app\wp\wp-includes\class-wp-hook.php(327): WP_Hook->apply_filters(NULL, Array)
#2 E:\OSPanel\domains\motomarket.loc\app\wp\wp-includes\plugin.php(470): WP_Hook->do_action(Array)
#3 E:\OSPanel\domains\motomarket.loc\app\wp\wp-settings.php(556): do_action('after_setup_the...')
#4 E:\OSPanel\domains\motomarket.loc\app\wp-config.php(77): require_once('E:\\OSPanel\\doma...')
#5 E:\OSPanel\domains\motomarket.loc\app\wp\wp-load.php(55): require_once('E:\\OSPanel\\doma...')
#6 E:\OSPanel\domains\motomarket.loc\app\wp\wp-blog-header.php(13): require_once('E:\\OSPanel\\doma...')
#7 E:\OSPanel\domains\motomarket.loc\app\index.php(17): require('E:\\OSPanel\\doma...')
#8 {main}
  thrown в E:\OSPanel\domains\motomarket.loc\app\content\themes\twentytwentyone\functions.php на строке 129

2021-07-24T12:31:40+00:00 CRITICAL Uncaught Error: Call to undefined function twenty_twenty_one_get_non_latin_css() in E:\OSPanel\domains\motomarket.loc\app\content\themes\twentytwentyone\functions.php:518
Stack trace:
#0 E:\OSPanel\domains\motomarket.loc\app\wp\wp-includes\class-wp-hook.php(303): twenty_twenty_one_non_latin_languages('')
#1 E:\OSPanel\domains\motomarket.loc\app\wp\wp-includes\class-wp-hook.php(327): WP_Hook->apply_filters(NULL, Array)
#2 E:\OSPanel\domains\motomarket.loc\app\wp\wp-includes\plugin.php(470): WP_Hook->do_action(Array)
#3 E:\OSPanel\domains\motomarket.loc\app\wp\wp-includes\script-loader.php(2083): do_action('wp_enqueue_scri...')
#4 E:\OSPanel\domains\motomarket.loc\app\wp\wp-includes\class-wp-hook.php(303): wp_enqueue_scripts('')
#5 E:\OSPanel\domains\motomarket.loc\app\wp\wp-includes\class-wp-hook.php(327): WP_Hook->apply_filters(NULL, Array)
#6 E:\OSPanel\domains\motomarket.loc\app\wp\wp-includes\plugin.php(470): WP_Hook->do_action(Array)
#7 E:\OSPanel\domains\motomarket.loc\app\wp\wp-includes\general-template в E:\OSPanel\domains\motomarket.loc\app\content\themes\twentytwentyone\functions.php на строке 518

2021-07-24T12:45:15+00:00 CRITICAL syntax error, unexpected 'true' (T_STRING), expecting ')' в E:\OSPanel\domains\motomarket.loc\app\content\themes\gulp-theme\functions.php на строке 18

2021-07-24T12:45:15+00:00 CRITICAL syntax error, unexpected 'true' (T_STRING), expecting ')' в E:\OSPanel\domains\motomarket.loc\app\content\themes\gulp-theme\functions.php на строке 18

2021-07-24T12:45:16+00:00 CRITICAL syntax error, unexpected 'true' (T_STRING), expecting ')' в E:\OSPanel\domains\motomarket.loc\app\content\themes\gulp-theme\functions.php на строке 18

2021-07-24T12:45:16+00:00 CRITICAL syntax error, unexpected 'true' (T_STRING), expecting ')' в E:\OSPanel\domains\motomarket.loc\app\content\themes\gulp-theme\functions.php на строке 18

2021-07-24T13:12:20+00:00 CRITICAL Uncaught Error: Class 'Instagram' not found in E:\OSPanel\domains\motomarket.loc\app\content\themes\gulp-theme\parts\instagram.php:4
Stack trace:
#0 E:\OSPanel\domains\motomarket.loc\app\wp\wp-includes\template.php(772): require()
#1 E:\OSPanel\domains\motomarket.loc\app\wp\wp-includes\template.php(716): load_template('E:\\OSPanel\\doma...', false, Array)
#2 E:\OSPanel\domains\motomarket.loc\app\wp\wp-includes\general-template.php(204): locate_template(Array, true, false, Array)
#3 E:\OSPanel\domains\motomarket.loc\app\content\themes\gulp-theme\front-page.php(123): get_template_part('./parts/instagr...')
#4 E:\OSPanel\domains\motomarket.loc\app\wp\wp-includes\template-loader.php(106): include('E:\\OSPanel\\doma...')
#5 E:\OSPanel\domains\motomarket.loc\app\wp\wp-blog-header.php(19): require_once('E:\\OSPanel\\doma...')
#6 E:\OSPanel\domains\motomarket.loc\app\index.php(17): require('E:\\OSPanel\\doma...')
#7 {main}
  thrown в E:\OSPanel\domains\motomarket.loc\app\content\themes\gulp-theme\parts\instagram.php на строке 4

2021-07-24T13:12:21+00:00 CRITICAL Uncaught Error: Class 'Instagram' not found in E:\OSPanel\domains\motomarket.loc\app\content\themes\gulp-theme\parts\instagram.php:4
Stack trace:
#0 E:\OSPanel\domains\motomarket.loc\app\wp\wp-includes\template.php(772): require()
#1 E:\OSPanel\domains\motomarket.loc\app\wp\wp-includes\template.php(716): load_template('E:\\OSPanel\\doma...', false, Array)
#2 E:\OSPanel\domains\motomarket.loc\app\wp\wp-includes\general-template.php(204): locate_template(Array, true, false, Array)
#3 E:\OSPanel\domains\motomarket.loc\app\content\themes\gulp-theme\front-page.php(123): get_template_part('./parts/instagr...')
#4 E:\OSPanel\domains\motomarket.loc\app\wp\wp-includes\template-loader.php(106): include('E:\\OSPanel\\doma...')
#5 E:\OSPanel\domains\motomarket.loc\app\wp\wp-blog-header.php(19): require_once('E:\\OSPanel\\doma...')
#6 E:\OSPanel\domains\motomarket.loc\app\index.php(17): require('E:\\OSPanel\\doma...')
#7 {main}
  thrown в E:\OSPanel\domains\motomarket.loc\app\content\themes\gulp-theme\parts\instagram.php на строке 4

2021-07-24T13:23:50+00:00 CRITICAL Uncaught Error: Class 'Instagram' not found in E:\OSPanel\domains\motomarket.loc\app\content\themes\gulp-theme\parts\instagram.php:4
Stack trace:
#0 E:\OSPanel\domains\motomarket.loc\app\wp\wp-includes\template.php(772): require()
#1 E:\OSPanel\domains\motomarket.loc\app\wp\wp-includes\template.php(716): load_template('E:\\OSPanel\\doma...', false, Array)
#2 E:\OSPanel\domains\motomarket.loc\app\wp\wp-includes\general-template.php(204): locate_template(Array, true, false, Array)
#3 E:\OSPanel\domains\motomarket.loc\app\content\themes\gulp-theme\front-page.php(123): get_template_part('./parts/instagr...')
#4 E:\OSPanel\domains\motomarket.loc\app\wp\wp-includes\template-loader.php(106): include('E:\\OSPanel\\doma...')
#5 E:\OSPanel\domains\motomarket.loc\app\wp\wp-blog-header.php(19): require_once('E:\\OSPanel\\doma...')
#6 E:\OSPanel\domains\motomarket.loc\app\index.php(17): require('E:\\OSPanel\\doma...')
#7 {main}
  thrown в E:\OSPanel\domains\motomarket.loc\app\content\themes\gulp-theme\parts\instagram.php на строке 4

2021-07-24T13:23:51+00:00 CRITICAL Uncaught Error: Class 'Instagram' not found in E:\OSPanel\domains\motomarket.loc\app\content\themes\gulp-theme\parts\instagram.php:4
Stack trace:
#0 E:\OSPanel\domains\motomarket.loc\app\wp\wp-includes\template.php(772): require()
#1 E:\OSPanel\domains\motomarket.loc\app\wp\wp-includes\template.php(716): load_template('E:\\OSPanel\\doma...', false, Array)
#2 E:\OSPanel\domains\motomarket.loc\app\wp\wp-includes\general-template.php(204): locate_template(Array, true, false, Array)
#3 E:\OSPanel\domains\motomarket.loc\app\content\themes\gulp-theme\front-page.php(123): get_template_part('./parts/instagr...')
#4 E:\OSPanel\domains\motomarket.loc\app\wp\wp-includes\template-loader.php(106): include('E:\\OSPanel\\doma...')
#5 E:\OSPanel\domains\motomarket.loc\app\wp\wp-blog-header.php(19): require_once('E:\\OSPanel\\doma...')
#6 E:\OSPanel\domains\motomarket.loc\app\index.php(17): require('E:\\OSPanel\\doma...')
#7 {main}
  thrown в E:\OSPanel\domains\motomarket.loc\app\content\themes\gulp-theme\parts\instagram.php на строке 4

2021-07-24T13:29:56+00:00 CRITICAL Uncaught Error: Class 'Instagram' not found in E:\OSPanel\domains\motomarket.loc\app\content\themes\gulp-theme\parts\instagram.php:4
Stack trace:
#0 E:\OSPanel\domains\motomarket.loc\app\wp\wp-includes\template.php(772): require()
#1 E:\OSPanel\domains\motomarket.loc\app\wp\wp-includes\template.php(716): load_template('E:\\OSPanel\\doma...', false, Array)
#2 E:\OSPanel\domains\motomarket.loc\app\wp\wp-includes\general-template.php(204): locate_template(Array, true, false, Array)
#3 E:\OSPanel\domains\motomarket.loc\app\content\themes\gulp-theme\front-page.php(123): get_template_part('./parts/instagr...')
#4 E:\OSPanel\domains\motomarket.loc\app\wp\wp-includes\template-loader.php(106): include('E:\\OSPanel\\doma...')
#5 E:\OSPanel\domains\motomarket.loc\app\wp\wp-blog-header.php(19): require_once('E:\\OSPanel\\doma...')
#6 E:\OSPanel\domains\motomarket.loc\app\index.php(17): require('E:\\OSPanel\\doma...')
#7 {main}
  thrown в E:\OSPanel\domains\motomarket.loc\app\content\themes\gulp-theme\parts\instagram.php на строке 4

2021-07-24T13:29:57+00:00 CRITICAL Uncaught Error: Class 'Instagram' not found in E:\OSPanel\domains\motomarket.loc\app\content\themes\gulp-theme\parts\instagram.php:4
Stack trace:
#0 E:\OSPanel\domains\motomarket.loc\app\wp\wp-includes\template.php(772): require()
#1 E:\OSPanel\domains\motomarket.loc\app\wp\wp-includes\template.php(716): load_template('E:\\OSPanel\\doma...', false, Array)
#2 E:\OSPanel\domains\motomarket.loc\app\wp\wp-includes\general-template.php(204): locate_template(Array, true, false, Array)
#3 E:\OSPanel\domains\motomarket.loc\app\content\themes\gulp-theme\front-page.php(123): get_template_part('./parts/instagr...')
#4 E:\OSPanel\domains\motomarket.loc\app\wp\wp-includes\template-loader.php(106): include('E:\\OSPanel\\doma...')
#5 E:\OSPanel\domains\motomarket.loc\app\wp\wp-blog-header.php(19): require_once('E:\\OSPanel\\doma...')
#6 E:\OSPanel\domains\motomarket.loc\app\index.php(17): require('E:\\OSPanel\\doma...')
#7 {main}
  thrown в E:\OSPanel\domains\motomarket.loc\app\content\themes\gulp-theme\parts\instagram.php на строке 4

2021-07-24T13:29:58+00:00 CRITICAL Uncaught Error: Class 'Instagram' not found in E:\OSPanel\domains\motomarket.loc\app\content\themes\gulp-theme\parts\instagram.php:4
Stack trace:
#0 E:\OSPanel\domains\motomarket.loc\app\wp\wp-includes\template.php(772): require()
#1 E:\OSPanel\domains\motomarket.loc\app\wp\wp-includes\template.php(716): load_template('E:\\OSPanel\\doma...', false, Array)
#2 E:\OSPanel\domains\motomarket.loc\app\wp\wp-includes\general-template.php(204): locate_template(Array, true, false, Array)
#3 E:\OSPanel\domains\motomarket.loc\app\content\themes\gulp-theme\front-page.php(123): get_template_part('./parts/instagr...')
#4 E:\OSPanel\domains\motomarket.loc\app\wp\wp-includes\template-loader.php(106): include('E:\\OSPanel\\doma...')
#5 E:\OSPanel\domains\motomarket.loc\app\wp\wp-blog-header.php(19): require_once('E:\\OSPanel\\doma...')
#6 E:\OSPanel\domains\motomarket.loc\app\index.php(17): require('E:\\OSPanel\\doma...')
#7 {main}
  thrown в E:\OSPanel\domains\motomarket.loc\app\content\themes\gulp-theme\parts\instagram.php на строке 4

2021-07-24T13:30:33+00:00 CRITICAL Uncaught Error: Class 'Instagram' not found in E:\OSPanel\domains\motomarket.loc\app\content\themes\gulp-theme\parts\instagram.php:4
Stack trace:
#0 E:\OSPanel\domains\motomarket.loc\app\wp\wp-includes\template.php(772): require()
#1 E:\OSPanel\domains\motomarket.loc\app\wp\wp-includes\template.php(716): load_template('E:\\OSPanel\\doma...', false, Array)
#2 E:\OSPanel\domains\motomarket.loc\app\wp\wp-includes\general-template.php(204): locate_template(Array, true, false, Array)
#3 E:\OSPanel\domains\motomarket.loc\app\content\themes\gulp-theme\front-page.php(123): get_template_part('./parts/instagr...')
#4 E:\OSPanel\domains\motomarket.loc\app\wp\wp-includes\template-loader.php(106): include('E:\\OSPanel\\doma...')
#5 E:\OSPanel\domains\motomarket.loc\app\wp\wp-blog-header.php(19): require_once('E:\\OSPanel\\doma...')
#6 E:\OSPanel\domains\motomarket.loc\app\index.php(17): require('E:\\OSPanel\\doma...')
#7 {main}
  thrown в E:\OSPanel\domains\motomarket.loc\app\content\themes\gulp-theme\parts\instagram.php на строке 4

2021-07-24T13:30:34+00:00 CRITICAL Uncaught Error: Class 'Instagram' not found in E:\OSPanel\domains\motomarket.loc\app\content\themes\gulp-theme\parts\instagram.php:4
Stack trace:
#0 E:\OSPanel\domains\motomarket.loc\app\wp\wp-includes\template.php(772): require()
#1 E:\OSPanel\domains\motomarket.loc\app\wp\wp-includes\template.php(716): load_template('E:\\OSPanel\\doma...', false, Array)
#2 E:\OSPanel\domains\motomarket.loc\app\wp\wp-includes\general-template.php(204): locate_template(Array, true, false, Array)
#3 E:\OSPanel\domains\motomarket.loc\app\content\themes\gulp-theme\front-page.php(123): get_template_part('./parts/instagr...')
#4 E:\OSPanel\domains\motomarket.loc\app\wp\wp-includes\template-loader.php(106): include('E:\\OSPanel\\doma...')
#5 E:\OSPanel\domains\motomarket.loc\app\wp\wp-blog-header.php(19): require_once('E:\\OSPanel\\doma...')
#6 E:\OSPanel\domains\motomarket.loc\app\index.php(17): require('E:\\OSPanel\\doma...')
#7 {main}
  thrown в E:\OSPanel\domains\motomarket.loc\app\content\themes\gulp-theme\parts\instagram.php на строке 4

2021-07-24T13:30:35+00:00 CRITICAL Uncaught Error: Class 'Instagram' not found in E:\OSPanel\domains\motomarket.loc\app\content\themes\gulp-theme\parts\instagram.php:4
Stack trace:
#0 E:\OSPanel\domains\motomarket.loc\app\wp\wp-includes\template.php(772): require()
#1 E:\OSPanel\domains\motomarket.loc\app\wp\wp-includes\template.php(716): load_template('E:\\OSPanel\\doma...', false, Array)
#2 E:\OSPanel\domains\motomarket.loc\app\wp\wp-includes\general-template.php(204): locate_template(Array, true, false, Array)
#3 E:\OSPanel\domains\motomarket.loc\app\content\themes\gulp-theme\front-page.php(123): get_template_part('./parts/instagr...')
#4 E:\OSPanel\domains\motomarket.loc\app\wp\wp-includes\template-loader.php(106): include('E:\\OSPanel\\doma...')
#5 E:\OSPanel\domains\motomarket.loc\app\wp\wp-blog-header.php(19): require_once('E:\\OSPanel\\doma...')
#6 E:\OSPanel\domains\motomarket.loc\app\index.php(17): require('E:\\OSPanel\\doma...')
#7 {main}
  thrown в E:\OSPanel\domains\motomarket.loc\app\content\themes\gulp-theme\parts\instagram.php на строке 4

2021-07-24T13:31:57+00:00 CRITICAL Uncaught Error: Class 'Instagram' not found in E:\OSPanel\domains\motomarket.loc\app\content\themes\gulp-theme\parts\instagram.php:4
Stack trace:
#0 E:\OSPanel\domains\motomarket.loc\app\wp\wp-includes\template.php(772): require()
#1 E:\OSPanel\domains\motomarket.loc\app\wp\wp-includes\template.php(716): load_template('E:\\OSPanel\\doma...', false, Array)
#2 E:\OSPanel\domains\motomarket.loc\app\wp\wp-includes\general-template.php(204): locate_template(Array, true, false, Array)
#3 E:\OSPanel\domains\motomarket.loc\app\content\themes\gulp-theme\front-page.php(123): get_template_part('./parts/instagr...')
#4 E:\OSPanel\domains\motomarket.loc\app\wp\wp-includes\template-loader.php(106): include('E:\\OSPanel\\doma...')
#5 E:\OSPanel\domains\motomarket.loc\app\wp\wp-blog-header.php(19): require_once('E:\\OSPanel\\doma...')
#6 E:\OSPanel\domains\motomarket.loc\app\index.php(17): require('E:\\OSPanel\\doma...')
#7 {main}
  thrown в E:\OSPanel\domains\motomarket.loc\app\content\themes\gulp-theme\parts\instagram.php на строке 4

2021-07-24T13:31:58+00:00 CRITICAL Uncaught Error: Class 'Instagram' not found in E:\OSPanel\domains\motomarket.loc\app\content\themes\gulp-theme\parts\instagram.php:4
Stack trace:
#0 E:\OSPanel\domains\motomarket.loc\app\wp\wp-includes\template.php(772): require()
#1 E:\OSPanel\domains\motomarket.loc\app\wp\wp-includes\template.php(716): load_template('E:\\OSPanel\\doma...', false, Array)
#2 E:\OSPanel\domains\motomarket.loc\app\wp\wp-includes\general-template.php(204): locate_template(Array, true, false, Array)
#3 E:\OSPanel\domains\motomarket.loc\app\content\themes\gulp-theme\front-page.php(123): get_template_part('./parts/instagr...')
#4 E:\OSPanel\domains\motomarket.loc\app\wp\wp-includes\template-loader.php(106): include('E:\\OSPanel\\doma...')
#5 E:\OSPanel\domains\motomarket.loc\app\wp\wp-blog-header.php(19): require_once('E:\\OSPanel\\doma...')
#6 E:\OSPanel\domains\motomarket.loc\app\index.php(17): require('E:\\OSPanel\\doma...')
#7 {main}
  thrown в E:\OSPanel\domains\motomarket.loc\app\content\themes\gulp-theme\parts\instagram.php на строке 4

2021-07-24T13:31:58+00:00 CRITICAL syntax error, unexpected '',100);' (T_CONSTANT_ENCAPSED_STRING) в E:\OSPanel\domains\motomarket.loc\app\content\themes\gulp-theme\functions.php на строке 34

2021-07-24T13:31:58+00:00 CRITICAL syntax error, unexpected '',100);' (T_CONSTANT_ENCAPSED_STRING) в E:\OSPanel\domains\motomarket.loc\app\content\themes\gulp-theme\functions.php на строке 34

2021-07-24T13:31:59+00:00 CRITICAL syntax error, unexpected '',100);' (T_CONSTANT_ENCAPSED_STRING) в E:\OSPanel\domains\motomarket.loc\app\content\themes\gulp-theme\functions.php на строке 34

2021-07-24T13:31:59+00:00 CRITICAL syntax error, unexpected '',100);' (T_CONSTANT_ENCAPSED_STRING) в E:\OSPanel\domains\motomarket.loc\app\content\themes\gulp-theme\functions.php на строке 34

2021-07-24T13:31:59+00:00 CRITICAL syntax error, unexpected '',100);' (T_CONSTANT_ENCAPSED_STRING) в E:\OSPanel\domains\motomarket.loc\app\content\themes\gulp-theme\functions.php на строке 34

2021-07-24T13:31:59+00:00 CRITICAL syntax error, unexpected '',100);' (T_CONSTANT_ENCAPSED_STRING) в E:\OSPanel\domains\motomarket.loc\app\content\themes\gulp-theme\functions.php на строке 34

2021-07-24T13:31:59+00:00 CRITICAL syntax error, unexpected '',100);' (T_CONSTANT_ENCAPSED_STRING) в E:\OSPanel\domains\motomarket.loc\app\content\themes\gulp-theme\functions.php на строке 34

2021-07-24T13:32:00+00:00 CRITICAL syntax error, unexpected '',100);' (T_CONSTANT_ENCAPSED_STRING) в E:\OSPanel\domains\motomarket.loc\app\content\themes\gulp-theme\functions.php на строке 34

2021-07-24T13:32:00+00:00 CRITICAL syntax error, unexpected '',100);' (T_CONSTANT_ENCAPSED_STRING) в E:\OSPanel\domains\motomarket.loc\app\content\themes\gulp-theme\functions.php на строке 34

2021-07-24T13:32:00+00:00 CRITICAL syntax error, unexpected '',100);' (T_CONSTANT_ENCAPSED_STRING) в E:\OSPanel\domains\motomarket.loc\app\content\themes\gulp-theme\functions.php на строке 34

2021-07-24T13:32:00+00:00 CRITICAL syntax error, unexpected '',100);' (T_CONSTANT_ENCAPSED_STRING) в E:\OSPanel\domains\motomarket.loc\app\content\themes\gulp-theme\functions.php на строке 34

2021-07-24T13:32:00+00:00 CRITICAL syntax error, unexpected '',100);' (T_CONSTANT_ENCAPSED_STRING) в E:\OSPanel\domains\motomarket.loc\app\content\themes\gulp-theme\functions.php на строке 34

2021-07-24T13:32:00+00:00 CRITICAL syntax error, unexpected '',100);' (T_CONSTANT_ENCAPSED_STRING) в E:\OSPanel\domains\motomarket.loc\app\content\themes\gulp-theme\functions.php на строке 34

2021-07-24T13:32:00+00:00 CRITICAL syntax error, unexpected '',100);' (T_CONSTANT_ENCAPSED_STRING) в E:\OSPanel\domains\motomarket.loc\app\content\themes\gulp-theme\functions.php на строке 34

2021-07-24T14:09:10+00:00 CRITICAL Uncaught Error: Class 'Instagram' not found in E:\OSPanel\domains\motomarket.loc\app\content\themes\gulp-theme\parts\instagram.php:4
Stack trace:
#0 E:\OSPanel\domains\motomarket.loc\app\wp\wp-includes\template.php(772): require()
#1 E:\OSPanel\domains\motomarket.loc\app\wp\wp-includes\template.php(716): load_template('E:\\OSPanel\\doma...', false, Array)
#2 E:\OSPanel\domains\motomarket.loc\app\wp\wp-includes\general-template.php(204): locate_template(Array, true, false, Array)
#3 E:\OSPanel\domains\motomarket.loc\app\content\themes\gulp-theme\front-page.php(123): get_template_part('./parts/instagr...')
#4 E:\OSPanel\domains\motomarket.loc\app\wp\wp-includes\template-loader.php(106): include('E:\\OSPanel\\doma...')
#5 E:\OSPanel\domains\motomarket.loc\app\wp\wp-blog-header.php(19): require_once('E:\\OSPanel\\doma...')
#6 E:\OSPanel\domains\motomarket.loc\app\index.php(17): require('E:\\OSPanel\\doma...')
#7 {main}
  thrown в E:\OSPanel\domains\motomarket.loc\app\content\themes\gulp-theme\parts\instagram.php на строке 4

2021-07-24T14:09:46+00:00 CRITICAL Uncaught Error: Class 'Instagram' not found in E:\OSPanel\domains\motomarket.loc\app\content\themes\gulp-theme\parts\instagram.php:4
Stack trace:
#0 E:\OSPanel\domains\motomarket.loc\app\wp\wp-includes\template.php(772): require()
#1 E:\OSPanel\domains\motomarket.loc\app\wp\wp-includes\template.php(716): load_template('E:\\OSPanel\\doma...', false, Array)
#2 E:\OSPanel\domains\motomarket.loc\app\wp\wp-includes\general-template.php(204): locate_template(Array, true, false, Array)
#3 E:\OSPanel\domains\motomarket.loc\app\content\themes\gulp-theme\front-page.php(123): get_template_part('./parts/instagr...')
#4 E:\OSPanel\domains\motomarket.loc\app\wp\wp-includes\template-loader.php(106): include('E:\\OSPanel\\doma...')
#5 E:\OSPanel\domains\motomarket.loc\app\wp\wp-blog-header.php(19): require_once('E:\\OSPanel\\doma...')
#6 E:\OSPanel\domains\motomarket.loc\app\index.php(17): require('E:\\OSPanel\\doma...')
#7 {main}
  thrown в E:\OSPanel\domains\motomarket.loc\app\content\themes\gulp-theme\parts\instagram.php на строке 4

2021-07-24T14:10:06+00:00 CRITICAL Uncaught Error: Class 'Instagram' not found in E:\OSPanel\domains\motomarket.loc\app\content\themes\gulp-theme\parts\instagram.php:4
Stack trace:
#0 E:\OSPanel\domains\motomarket.loc\app\wp\wp-includes\template.php(772): require()
#1 E:\OSPanel\domains\motomarket.loc\app\wp\wp-includes\template.php(716): load_template('E:\\OSPanel\\doma...', false, Array)
#2 E:\OSPanel\domains\motomarket.loc\app\wp\wp-includes\general-template.php(204): locate_template(Array, true, false, Array)
#3 E:\OSPanel\domains\motomarket.loc\app\content\themes\gulp-theme\front-page.php(123): get_template_part('./parts/instagr...')
#4 E:\OSPanel\domains\motomarket.loc\app\wp\wp-includes\template-loader.php(106): include('E:\\OSPanel\\doma...')
#5 E:\OSPanel\domains\motomarket.loc\app\wp\wp-blog-header.php(19): require_once('E:\\OSPanel\\doma...')
#6 E:\OSPanel\domains\motomarket.loc\app\index.php(17): require('E:\\OSPanel\\doma...')
#7 {main}
  thrown в E:\OSPanel\domains\motomarket.loc\app\content\themes\gulp-theme\parts\instagram.php на строке 4

2021-07-24T14:10:23+00:00 CRITICAL Uncaught Error: Class 'Instagram' not found in E:\OSPanel\domains\motomarket.loc\app\content\themes\gulp-theme\parts\instagram.php:4
Stack trace:
#0 E:\OSPanel\domains\motomarket.loc\app\wp\wp-includes\template.php(772): require()
#1 E:\OSPanel\domains\motomarket.loc\app\wp\wp-includes\template.php(716): load_template('E:\\OSPanel\\doma...', false, Array)
#2 E:\OSPanel\domains\motomarket.loc\app\wp\wp-includes\general-template.php(204): locate_template(Array, true, false, Array)
#3 E:\OSPanel\domains\motomarket.loc\app\content\themes\gulp-theme\front-page.php(123): get_template_part('./parts/instagr...')
#4 E:\OSPanel\domains\motomarket.loc\app\wp\wp-includes\template-loader.php(106): include('E:\\OSPanel\\doma...')
#5 E:\OSPanel\domains\motomarket.loc\app\wp\wp-blog-header.php(19): require_once('E:\\OSPanel\\doma...')
#6 E:\OSPanel\domains\motomarket.loc\app\index.php(17): require('E:\\OSPanel\\doma...')
#7 {main}
  thrown в E:\OSPanel\domains\motomarket.loc\app\content\themes\gulp-theme\parts\instagram.php на строке 4

2021-07-24T14:10:30+00:00 CRITICAL Uncaught Error: Class 'Instagram' not found in E:\OSPanel\domains\motomarket.loc\app\content\themes\gulp-theme\parts\instagram.php:4
Stack trace:
#0 E:\OSPanel\domains\motomarket.loc\app\wp\wp-includes\template.php(772): require()
#1 E:\OSPanel\domains\motomarket.loc\app\wp\wp-includes\template.php(716): load_template('E:\\OSPanel\\doma...', false, Array)
#2 E:\OSPanel\domains\motomarket.loc\app\wp\wp-includes\general-template.php(204): locate_template(Array, true, false, Array)
#3 E:\OSPanel\domains\motomarket.loc\app\content\themes\gulp-theme\front-page.php(123): get_template_part('./parts/instagr...')
#4 E:\OSPanel\domains\motomarket.loc\app\wp\wp-includes\template-loader.php(106): include('E:\\OSPanel\\doma...')
#5 E:\OSPanel\domains\motomarket.loc\app\wp\wp-blog-header.php(19): require_once('E:\\OSPanel\\doma...')
#6 E:\OSPanel\domains\motomarket.loc\app\index.php(17): require('E:\\OSPanel\\doma...')
#7 {main}
  thrown в E:\OSPanel\domains\motomarket.loc\app\content\themes\gulp-theme\parts\instagram.php на строке 4

2021-07-24T14:14:58+00:00 CRITICAL Uncaught Error: Class 'Instagram' not found in E:\OSPanel\domains\motomarket.loc\app\content\themes\gulp-theme\parts\instagram.php:4
Stack trace:
#0 E:\OSPanel\domains\motomarket.loc\app\wp\wp-includes\template.php(772): require()
#1 E:\OSPanel\domains\motomarket.loc\app\wp\wp-includes\template.php(716): load_template('E:\\OSPanel\\doma...', false, Array)
#2 E:\OSPanel\domains\motomarket.loc\app\wp\wp-includes\general-template.php(204): locate_template(Array, true, false, Array)
#3 E:\OSPanel\domains\motomarket.loc\app\content\themes\gulp-theme\front-page.php(123): get_template_part('./parts/instagr...')
#4 E:\OSPanel\domains\motomarket.loc\app\wp\wp-includes\template-loader.php(106): include('E:\\OSPanel\\doma...')
#5 E:\OSPanel\domains\motomarket.loc\app\wp\wp-blog-header.php(19): require_once('E:\\OSPanel\\doma...')
#6 E:\OSPanel\domains\motomarket.loc\app\index.php(17): require('E:\\OSPanel\\doma...')
#7 {main}
  thrown в E:\OSPanel\domains\motomarket.loc\app\content\themes\gulp-theme\parts\instagram.php на строке 4

2021-07-24T14:15:43+00:00 CRITICAL Uncaught Error: Class 'Instagram' not found in E:\OSPanel\domains\motomarket.loc\app\content\themes\gulp-theme\parts\instagram.php:4
Stack trace:
#0 E:\OSPanel\domains\motomarket.loc\app\wp\wp-includes\template.php(772): require()
#1 E:\OSPanel\domains\motomarket.loc\app\wp\wp-includes\template.php(716): load_template('E:\\OSPanel\\doma...', false, Array)
#2 E:\OSPanel\domains\motomarket.loc\app\wp\wp-includes\general-template.php(204): locate_template(Array, true, false, Array)
#3 E:\OSPanel\domains\motomarket.loc\app\content\themes\gulp-theme\front-page.php(123): get_template_part('./parts/instagr...')
#4 E:\OSPanel\domains\motomarket.loc\app\wp\wp-includes\template-loader.php(106): include('E:\\OSPanel\\doma...')
#5 E:\OSPanel\domains\motomarket.loc\app\wp\wp-blog-header.php(19): require_once('E:\\OSPanel\\doma...')
#6 E:\OSPanel\domains\motomarket.loc\app\index.php(17): require('E:\\OSPanel\\doma...')
#7 {main}
  thrown в E:\OSPanel\domains\motomarket.loc\app\content\themes\gulp-theme\parts\instagram.php на строке 4

2021-07-24T14:16:36+00:00 CRITICAL Uncaught Error: Class 'Instagram' not found in E:\OSPanel\domains\motomarket.loc\app\content\themes\gulp-theme\parts\instagram.php:4
Stack trace:
#0 E:\OSPanel\domains\motomarket.loc\app\wp\wp-includes\template.php(772): require()
#1 E:\OSPanel\domains\motomarket.loc\app\wp\wp-includes\template.php(716): load_template('E:\\OSPanel\\doma...', false, Array)
#2 E:\OSPanel\domains\motomarket.loc\app\wp\wp-includes\general-template.php(204): locate_template(Array, true, false, Array)
#3 E:\OSPanel\domains\motomarket.loc\app\content\themes\gulp-theme\front-page.php(123): get_template_part('./parts/instagr...')
#4 E:\OSPanel\domains\motomarket.loc\app\wp\wp-includes\template-loader.php(106): include('E:\\OSPanel\\doma...')
#5 E:\OSPanel\domains\motomarket.loc\app\wp\wp-blog-header.php(19): require_once('E:\\OSPanel\\doma...')
#6 E:\OSPanel\domains\motomarket.loc\app\index.php(17): require('E:\\OSPanel\\doma...')
#7 {main}
  thrown в E:\OSPanel\domains\motomarket.loc\app\content\themes\gulp-theme\parts\instagram.php на строке 4

2021-07-24T14:16:39+00:00 CRITICAL Uncaught Error: Class 'Instagram' not found in E:\OSPanel\domains\motomarket.loc\app\content\themes\gulp-theme\parts\instagram.php:4
Stack trace:
#0 E:\OSPanel\domains\motomarket.loc\app\wp\wp-includes\template.php(772): require()
#1 E:\OSPanel\domains\motomarket.loc\app\wp\wp-includes\template.php(716): load_template('E:\\OSPanel\\doma...', false, Array)
#2 E:\OSPanel\domains\motomarket.loc\app\wp\wp-includes\general-template.php(204): locate_template(Array, true, false, Array)
#3 E:\OSPanel\domains\motomarket.loc\app\content\themes\gulp-theme\front-page.php(123): get_template_part('./parts/instagr...')
#4 E:\OSPanel\domains\motomarket.loc\app\wp\wp-includes\template-loader.php(106): include('E:\\OSPanel\\doma...')
#5 E:\OSPanel\domains\motomarket.loc\app\wp\wp-blog-header.php(19): require_once('E:\\OSPanel\\doma...')
#6 E:\OSPanel\domains\motomarket.loc\app\index.php(17): require('E:\\OSPanel\\doma...')
#7 {main}
  thrown в E:\OSPanel\domains\motomarket.loc\app\content\themes\gulp-theme\parts\instagram.php на строке 4

2021-07-24T14:16:50+00:00 CRITICAL Uncaught Error: Class 'Instagram' not found in E:\OSPanel\domains\motomarket.loc\app\content\themes\gulp-theme\parts\instagram.php:4
Stack trace:
#0 E:\OSPanel\domains\motomarket.loc\app\wp\wp-includes\template.php(772): require()
#1 E:\OSPanel\domains\motomarket.loc\app\wp\wp-includes\template.php(716): load_template('E:\\OSPanel\\doma...', false, Array)
#2 E:\OSPanel\domains\motomarket.loc\app\wp\wp-includes\general-template.php(204): locate_template(Array, true, false, Array)
#3 E:\OSPanel\domains\motomarket.loc\app\content\themes\gulp-theme\front-page.php(123): get_template_part('./parts/instagr...')
#4 E:\OSPanel\domains\motomarket.loc\app\wp\wp-includes\template-loader.php(106): include('E:\\OSPanel\\doma...')
#5 E:\OSPanel\domains\motomarket.loc\app\wp\wp-blog-header.php(19): require_once('E:\\OSPanel\\doma...')
#6 E:\OSPanel\domains\motomarket.loc\app\index.php(17): require('E:\\OSPanel\\doma...')
#7 {main}
  thrown в E:\OSPanel\domains\motomarket.loc\app\content\themes\gulp-theme\parts\instagram.php на строке 4

2021-07-24T14:16:52+00:00 CRITICAL Uncaught Error: Class 'Instagram' not found in E:\OSPanel\domains\motomarket.loc\app\content\themes\gulp-theme\parts\instagram.php:4
Stack trace:
#0 E:\OSPanel\domains\motomarket.loc\app\wp\wp-includes\template.php(772): require()
#1 E:\OSPanel\domains\motomarket.loc\app\wp\wp-includes\template.php(716): load_template('E:\\OSPanel\\doma...', false, Array)
#2 E:\OSPanel\domains\motomarket.loc\app\wp\wp-includes\general-template.php(204): locate_template(Array, true, false, Array)
#3 E:\OSPanel\domains\motomarket.loc\app\content\themes\gulp-theme\front-page.php(123): get_template_part('./parts/instagr...')
#4 E:\OSPanel\domains\motomarket.loc\app\wp\wp-includes\template-loader.php(106): include('E:\\OSPanel\\doma...')
#5 E:\OSPanel\domains\motomarket.loc\app\wp\wp-blog-header.php(19): require_once('E:\\OSPanel\\doma...')
#6 E:\OSPanel\domains\motomarket.loc\app\index.php(17): require('E:\\OSPanel\\doma...')
#7 {main}
  thrown в E:\OSPanel\domains\motomarket.loc\app\content\themes\gulp-theme\parts\instagram.php на строке 4

2021-07-24T14:16:56+00:00 CRITICAL Uncaught Error: Class 'Instagram' not found in E:\OSPanel\domains\motomarket.loc\app\content\themes\gulp-theme\parts\instagram.php:4
Stack trace:
#0 E:\OSPanel\domains\motomarket.loc\app\wp\wp-includes\template.php(772): require()
#1 E:\OSPanel\domains\motomarket.loc\app\wp\wp-includes\template.php(716): load_template('E:\\OSPanel\\doma...', false, Array)
#2 E:\OSPanel\domains\motomarket.loc\app\wp\wp-includes\general-template.php(204): locate_template(Array, true, false, Array)
#3 E:\OSPanel\domains\motomarket.loc\app\content\themes\gulp-theme\front-page.php(123): get_template_part('./parts/instagr...')
#4 E:\OSPanel\domains\motomarket.loc\app\wp\wp-includes\template-loader.php(106): include('E:\\OSPanel\\doma...')
#5 E:\OSPanel\domains\motomarket.loc\app\wp\wp-blog-header.php(19): require_once('E:\\OSPanel\\doma...')
#6 E:\OSPanel\domains\motomarket.loc\app\index.php(17): require('E:\\OSPanel\\doma...')
#7 {main}
  thrown в E:\OSPanel\domains\motomarket.loc\app\content\themes\gulp-theme\parts\instagram.php на строке 4

2021-07-24T14:16:57+00:00 CRITICAL Uncaught Error: Class 'Instagram' not found in E:\OSPanel\domains\motomarket.loc\app\content\themes\gulp-theme\parts\instagram.php:4
Stack trace:
#0 E:\OSPanel\domains\motomarket.loc\app\wp\wp-includes\template.php(772): require()
#1 E:\OSPanel\domains\motomarket.loc\app\wp\wp-includes\template.php(716): load_template('E:\\OSPanel\\doma...', false, Array)
#2 E:\OSPanel\domains\motomarket.loc\app\wp\wp-includes\general-template.php(204): locate_template(Array, true, false, Array)
#3 E:\OSPanel\domains\motomarket.loc\app\content\themes\gulp-theme\front-page.php(123): get_template_part('./parts/instagr...')
#4 E:\OSPanel\domains\motomarket.loc\app\wp\wp-includes\template-loader.php(106): include('E:\\OSPanel\\doma...')
#5 E:\OSPanel\domains\motomarket.loc\app\wp\wp-blog-header.php(19): require_once('E:\\OSPanel\\doma...')
#6 E:\OSPanel\domains\motomarket.loc\app\index.php(17): require('E:\\OSPanel\\doma...')
#7 {main}
  thrown в E:\OSPanel\domains\motomarket.loc\app\content\themes\gulp-theme\parts\instagram.php на строке 4

2021-07-24T14:17:06+00:00 CRITICAL Uncaught Error: Class 'Instagram' not found in E:\OSPanel\domains\motomarket.loc\app\content\themes\gulp-theme\parts\instagram.php:4
Stack trace:
#0 E:\OSPanel\domains\motomarket.loc\app\wp\wp-includes\template.php(772): require()
#1 E:\OSPanel\domains\motomarket.loc\app\wp\wp-includes\template.php(716): load_template('E:\\OSPanel\\doma...', false, Array)
#2 E:\OSPanel\domains\motomarket.loc\app\wp\wp-includes\general-template.php(204): locate_template(Array, true, false, Array)
#3 E:\OSPanel\domains\motomarket.loc\app\content\themes\gulp-theme\front-page.php(123): get_template_part('./parts/instagr...')
#4 E:\OSPanel\domains\motomarket.loc\app\wp\wp-includes\template-loader.php(106): include('E:\\OSPanel\\doma...')
#5 E:\OSPanel\domains\motomarket.loc\app\wp\wp-blog-header.php(19): require_once('E:\\OSPanel\\doma...')
#6 E:\OSPanel\domains\motomarket.loc\app\index.php(17): require('E:\\OSPanel\\doma...')
#7 {main}
  thrown в E:\OSPanel\domains\motomarket.loc\app\content\themes\gulp-theme\parts\instagram.php на строке 4

2021-07-24T14:17:06+00:00 CRITICAL Uncaught Error: Class 'Instagram' not found in E:\OSPanel\domains\motomarket.loc\app\content\themes\gulp-theme\parts\instagram.php:4
Stack trace:
#0 E:\OSPanel\domains\motomarket.loc\app\wp\wp-includes\template.php(772): require()
#1 E:\OSPanel\domains\motomarket.loc\app\wp\wp-includes\template.php(716): load_template('E:\\OSPanel\\doma...', false, Array)
#2 E:\OSPanel\domains\motomarket.loc\app\wp\wp-includes\general-template.php(204): locate_template(Array, true, false, Array)
#3 E:\OSPanel\domains\motomarket.loc\app\content\themes\gulp-theme\front-page.php(123): get_template_part('./parts/instagr...')
#4 E:\OSPanel\domains\motomarket.loc\app\wp\wp-includes\template-loader.php(106): include('E:\\OSPanel\\doma...')
#5 E:\OSPanel\domains\motomarket.loc\app\wp\wp-blog-header.php(19): require_once('E:\\OSPanel\\doma...')
#6 E:\OSPanel\domains\motomarket.loc\app\index.php(17): require('E:\\OSPanel\\doma...')
#7 {main}
  thrown в E:\OSPanel\domains\motomarket.loc\app\content\themes\gulp-theme\parts\instagram.php на строке 4

2021-07-24T14:17:09+00:00 CRITICAL Uncaught Error: Class 'Instagram' not found in E:\OSPanel\domains\motomarket.loc\app\content\themes\gulp-theme\parts\instagram.php:4
Stack trace:
#0 E:\OSPanel\domains\motomarket.loc\app\wp\wp-includes\template.php(772): require()
#1 E:\OSPanel\domains\motomarket.loc\app\wp\wp-includes\template.php(716): load_template('E:\\OSPanel\\doma...', false, Array)
#2 E:\OSPanel\domains\motomarket.loc\app\wp\wp-includes\general-template.php(204): locate_template(Array, true, false, Array)
#3 E:\OSPanel\domains\motomarket.loc\app\content\themes\gulp-theme\front-page.php(123): get_template_part('./parts/instagr...')
#4 E:\OSPanel\domains\motomarket.loc\app\wp\wp-includes\template-loader.php(106): include('E:\\OSPanel\\doma...')
#5 E:\OSPanel\domains\motomarket.loc\app\wp\wp-blog-header.php(19): require_once('E:\\OSPanel\\doma...')
#6 E:\OSPanel\domains\motomarket.loc\app\index.php(17): require('E:\\OSPanel\\doma...')
#7 {main}
  thrown в E:\OSPanel\domains\motomarket.loc\app\content\themes\gulp-theme\parts\instagram.php на строке 4

2021-07-24T14:17:10+00:00 CRITICAL Uncaught Error: Class 'Instagram' not found in E:\OSPanel\domains\motomarket.loc\app\content\themes\gulp-theme\parts\instagram.php:4
Stack trace:
#0 E:\OSPanel\domains\motomarket.loc\app\wp\wp-includes\template.php(772): require()
#1 E:\OSPanel\domains\motomarket.loc\app\wp\wp-includes\template.php(716): load_template('E:\\OSPanel\\doma...', false, Array)
#2 E:\OSPanel\domains\motomarket.loc\app\wp\wp-includes\general-template.php(204): locate_template(Array, true, false, Array)
#3 E:\OSPanel\domains\motomarket.loc\app\content\themes\gulp-theme\front-page.php(123): get_template_part('./parts/instagr...')
#4 E:\OSPanel\domains\motomarket.loc\app\wp\wp-includes\template-loader.php(106): include('E:\\OSPanel\\doma...')
#5 E:\OSPanel\domains\motomarket.loc\app\wp\wp-blog-header.php(19): require_once('E:\\OSPanel\\doma...')
#6 E:\OSPanel\domains\motomarket.loc\app\index.php(17): require('E:\\OSPanel\\doma...')
#7 {main}
  thrown в E:\OSPanel\domains\motomarket.loc\app\content\themes\gulp-theme\parts\instagram.php на строке 4

2021-07-24T14:17:25+00:00 CRITICAL Uncaught Error: Class 'Instagram' not found in E:\OSPanel\domains\motomarket.loc\app\content\themes\gulp-theme\parts\instagram.php:4
Stack trace:
#0 E:\OSPanel\domains\motomarket.loc\app\wp\wp-includes\template.php(772): require()
#1 E:\OSPanel\domains\motomarket.loc\app\wp\wp-includes\template.php(716): load_template('E:\\OSPanel\\doma...', false, Array)
#2 E:\OSPanel\domains\motomarket.loc\app\wp\wp-includes\general-template.php(204): locate_template(Array, true, false, Array)
#3 E:\OSPanel\domains\motomarket.loc\app\content\themes\gulp-theme\front-page.php(123): get_template_part('./parts/instagr...')
#4 E:\OSPanel\domains\motomarket.loc\app\wp\wp-includes\template-loader.php(106): include('E:\\OSPanel\\doma...')
#5 E:\OSPanel\domains\motomarket.loc\app\wp\wp-blog-header.php(19): require_once('E:\\OSPanel\\doma...')
#6 E:\OSPanel\domains\motomarket.loc\app\index.php(17): require('E:\\OSPanel\\doma...')
#7 {main}
  thrown в E:\OSPanel\domains\motomarket.loc\app\content\themes\gulp-theme\parts\instagram.php на строке 4

2021-07-24T14:17:31+00:00 CRITICAL Uncaught Error: Function name must be a string in E:\OSPanel\domains\motomarket.loc\app\content\themes\gulp-theme\functions.php:25
Stack trace:
#0 E:\OSPanel\domains\motomarket.loc\app\wp\wp-includes\class-wp-hook.php(303): gulp_scripts('')
#1 E:\OSPanel\domains\motomarket.loc\app\wp\wp-includes\class-wp-hook.php(327): WP_Hook->apply_filters(true, Array)
#2 E:\OSPanel\domains\motomarket.loc\app\wp\wp-includes\plugin.php(470): WP_Hook->do_action(Array)
#3 E:\OSPanel\domains\motomarket.loc\app\wp\wp-includes\script-loader.php(2083): do_action('wp_enqueue_scri...')
#4 E:\OSPanel\domains\motomarket.loc\app\wp\wp-includes\class-wp-hook.php(303): wp_enqueue_scripts('')
#5 E:\OSPanel\domains\motomarket.loc\app\wp\wp-includes\class-wp-hook.php(327): WP_Hook->apply_filters(NULL, Array)
#6 E:\OSPanel\domains\motomarket.loc\app\wp\wp-includes\plugin.php(470): WP_Hook->do_action(Array)
#7 E:\OSPanel\domains\motomarket.loc\app\wp\wp-includes\general-template.php(3015): do_action('wp_head')
#8 E:\OSPanel\domains\motomarket в E:\OSPanel\domains\motomarket.loc\app\content\themes\gulp-theme\functions.php на строке 25

2021-07-24T14:17:31+00:00 CRITICAL Uncaught Error: Function name must be a string in E:\OSPanel\domains\motomarket.loc\app\content\themes\gulp-theme\functions.php:25
Stack trace:
#0 E:\OSPanel\domains\motomarket.loc\app\wp\wp-includes\class-wp-hook.php(303): gulp_scripts('')
#1 E:\OSPanel\domains\motomarket.loc\app\wp\wp-includes\class-wp-hook.php(327): WP_Hook->apply_filters(true, Array)
#2 E:\OSPanel\domains\motomarket.loc\app\wp\wp-includes\plugin.php(470): WP_Hook->do_action(Array)
#3 E:\OSPanel\domains\motomarket.loc\app\wp\wp-includes\script-loader.php(2083): do_action('wp_enqueue_scri...')
#4 E:\OSPanel\domains\motomarket.loc\app\wp\wp-includes\class-wp-hook.php(303): wp_enqueue_scripts('')
#5 E:\OSPanel\domains\motomarket.loc\app\wp\wp-includes\class-wp-hook.php(327): WP_Hook->apply_filters(NULL, Array)
#6 E:\OSPanel\domains\motomarket.loc\app\wp\wp-includes\plugin.php(470): WP_Hook->do_action(Array)
#7 E:\OSPanel\domains\motomarket.loc\app\wp\wp-includes\general-template.php(3015): do_action('wp_head')
#8 E:\OSPanel\domains\motomarket в E:\OSPanel\domains\motomarket.loc\app\content\themes\gulp-theme\functions.php на строке 25

