2021-08-28T08:19:53+00:00 CRITICAL Cannot redeclare catalog_loadmore_posts() (previously declared in E:\OSPanel\domains\motomarket.loc\app\content\themes\gulp-theme\parts\catalog-loadmore.php:6) в E:\OSPanel\domains\motomarket.loc\app\content\themes\gulp-theme\parts\catalog-loadmore.php на строке 38

2021-08-28T08:53:56+00:00 CRITICAL syntax error, unexpected 'б' (T_STRING), expecting ')' в E:\OSPanel\domains\motomarket.loc\app\content\themes\gulp-theme\parts\search-ajax.php на строке 13

2021-08-28T08:53:57+00:00 CRITICAL syntax error, unexpected 'б' (T_STRING), expecting ')' в E:\OSPanel\domains\motomarket.loc\app\content\themes\gulp-theme\parts\search-ajax.php на строке 13

2021-08-28T09:05:24+00:00 CRITICAL syntax error, unexpected end of file, expecting elseif (T_ELSEIF) or else (T_ELSE) or endif (T_ENDIF) в E:\OSPanel\domains\motomarket.loc\app\content\themes\gulp-theme\search.php на строке 69

2021-08-28T09:05:26+00:00 CRITICAL syntax error, unexpected end of file, expecting elseif (T_ELSEIF) or else (T_ELSE) or endif (T_ENDIF) в E:\OSPanel\domains\motomarket.loc\app\content\themes\gulp-theme\search.php на строке 69

2021-08-28T09:05:36+00:00 CRITICAL syntax error, unexpected end of file, expecting elseif (T_ELSEIF) or else (T_ELSE) or endif (T_ENDIF) в E:\OSPanel\domains\motomarket.loc\app\content\themes\gulp-theme\search.php на строке 69

2021-08-28T09:05:37+00:00 CRITICAL syntax error, unexpected end of file, expecting elseif (T_ELSEIF) or else (T_ELSE) or endif (T_ENDIF) в E:\OSPanel\domains\motomarket.loc\app\content\themes\gulp-theme\search.php на строке 70

2021-08-28T09:05:54+00:00 CRITICAL syntax error, unexpected end of file, expecting elseif (T_ELSEIF) or else (T_ELSE) or endif (T_ENDIF) в E:\OSPanel\domains\motomarket.loc\app\content\themes\gulp-theme\search.php на строке 70

2021-08-28T09:05:54+00:00 CRITICAL syntax error, unexpected end of file, expecting elseif (T_ELSEIF) or else (T_ELSE) or endif (T_ENDIF) в E:\OSPanel\domains\motomarket.loc\app\content\themes\gulp-theme\search.php на строке 70

2021-08-28T09:24:11+00:00 CRITICAL syntax error, unexpected ',' в E:\OSPanel\domains\motomarket.loc\app\content\themes\gulp-theme\parts\search-ajax.php на строке 43

2021-08-28T09:24:11+00:00 CRITICAL syntax error, unexpected ',' в E:\OSPanel\domains\motomarket.loc\app\content\themes\gulp-theme\parts\search-ajax.php на строке 43

2021-08-28T15:47:44+00:00 CRITICAL syntax error, unexpected '<' в E:\OSPanel\domains\motomarket.loc\app\content\themes\gulp-theme\parts\search-ajax.php на строке 50

2021-08-28T15:58:00+00:00 CRITICAL syntax error, unexpected '<' в E:\OSPanel\domains\motomarket.loc\app\content\themes\gulp-theme\parts\search-ajax.php на строке 61

2021-08-28T15:58:01+00:00 CRITICAL syntax error, unexpected '<' в E:\OSPanel\domains\motomarket.loc\app\content\themes\gulp-theme\parts\search-ajax.php на строке 61

2021-08-28T15:59:07+00:00 CRITICAL syntax error, unexpected ',' в E:\OSPanel\domains\motomarket.loc\app\content\themes\gulp-theme\parts\search-ajax.php на строке 59

2021-08-28T16:00:06+00:00 CRITICAL syntax error, unexpected 'exit' (T_EXIT) в E:\OSPanel\domains\motomarket.loc\app\content\themes\gulp-theme\parts\search-ajax.php на строке 63

2021-08-28T16:00:06+00:00 CRITICAL syntax error, unexpected 'exit' (T_EXIT) в E:\OSPanel\domains\motomarket.loc\app\content\themes\gulp-theme\parts\search-ajax.php на строке 63

2021-08-28T16:02:56+00:00 CRITICAL syntax error, unexpected ')' в E:\OSPanel\domains\motomarket.loc\app\content\themes\gulp-theme\parts\search-ajax.php на строке 65

2021-08-28T16:02:57+00:00 CRITICAL syntax error, unexpected ')' в E:\OSPanel\domains\motomarket.loc\app\content\themes\gulp-theme\parts\search-ajax.php на строке 65

2021-08-28T16:30:34+00:00 CRITICAL syntax error, unexpected ',' в E:\OSPanel\domains\motomarket.loc\app\content\themes\gulp-theme\parts\search-ajax.php на строке 47

2021-08-28T17:45:06+00:00 CRITICAL syntax error, unexpected '.' в E:\OSPanel\domains\motomarket.loc\app\content\themes\gulp-theme\parts\search-ajax.php на строке 43

2021-08-28T18:04:23+00:00 CRITICAL syntax error, unexpected '?>', expecting '(' в E:\OSPanel\domains\motomarket.loc\app\content\themes\gulp-theme\parts\search-ajax.php на строке 46

2021-08-28T18:04:24+00:00 CRITICAL syntax error, unexpected '?>', expecting '(' в E:\OSPanel\domains\motomarket.loc\app\content\themes\gulp-theme\parts\search-ajax.php на строке 46

2021-08-28T18:04:24+00:00 CRITICAL syntax error, unexpected '?>', expecting '(' в E:\OSPanel\domains\motomarket.loc\app\content\themes\gulp-theme\parts\search-ajax.php на строке 46

2021-08-28T18:04:25+00:00 CRITICAL syntax error, unexpected ')' в E:\OSPanel\domains\motomarket.loc\app\content\themes\gulp-theme\parts\search-ajax.php на строке 45

2021-08-28T18:06:54+00:00 CRITICAL syntax error, unexpected '<' в E:\OSPanel\domains\motomarket.loc\app\content\themes\gulp-theme\parts\search-ajax.php на строке 61

