2021-08-26T05:06:27+00:00 CRITICAL syntax error, unexpected '$categories' (T_VARIABLE) в E:\OSPanel\domains\motomarket.loc\app\content\themes\gulp-theme\parts\filter-form.php на строке 74

2021-08-26T05:06:29+00:00 CRITICAL syntax error, unexpected '$categories' (T_VARIABLE) в E:\OSPanel\domains\motomarket.loc\app\content\themes\gulp-theme\parts\filter-form.php на строке 74

2021-08-26T05:06:30+00:00 CRITICAL syntax error, unexpected '$categories' (T_VARIABLE) в E:\OSPanel\domains\motomarket.loc\app\content\themes\gulp-theme\parts\filter-form.php на строке 74

2021-08-26T05:06:31+00:00 CRITICAL syntax error, unexpected ';', expecting ')' в E:\OSPanel\domains\motomarket.loc\app\content\themes\gulp-theme\parts\filter-form.php на строке 74

2021-08-26T05:06:34+00:00 CRITICAL Uncaught Error: Call to undefined function зкште_к() in E:\OSPanel\domains\motomarket.loc\app\content\themes\gulp-theme\parts\filter-form.php:74
Stack trace:
#0 E:\OSPanel\domains\motomarket.loc\app\wp\wp-includes\template.php(772): require()
#1 E:\OSPanel\domains\motomarket.loc\app\wp\wp-includes\template.php(716): load_template('E:\\OSPanel\\doma...', false, Array)
#2 E:\OSPanel\domains\motomarket.loc\app\wp\wp-includes\general-template.php(204): locate_template(Array, true, false, Array)
#3 E:\OSPanel\domains\motomarket.loc\app\content\themes\gulp-theme\woocommerce\archive-product.php(64): get_template_part('./parts/filter-...')
#4 E:\OSPanel\domains\motomarket.loc\app\wp\wp-includes\template-loader.php(106): include('E:\\OSPanel\\doma...')
#5 E:\OSPanel\domains\motomarket.loc\app\wp\wp-blog-header.php(19): require_once('E:\\OSPanel\\doma...')
#6 E:\OSPanel\domains\motomarket.loc\app\index.php(17): require('E:\\OSPanel\\doma...')
#7 {main}
  thrown в E:\OSPanel\domains\motomarket.loc\app\content\themes\gulp-theme\parts\filter-form.php на строке 74

2021-08-26T05:13:00+00:00 CRITICAL Cannot use [] for reading в E:\OSPanel\domains\motomarket.loc\app\content\themes\gulp-theme\parts\filter-form.php на строке 75

2021-08-26T05:13:00+00:00 CRITICAL Cannot use [] for reading в E:\OSPanel\domains\motomarket.loc\app\content\themes\gulp-theme\parts\filter-form.php на строке 75

2021-08-26T05:13:04+00:00 CRITICAL syntax error, unexpected ')', expecting identifier (T_STRING) or variable (T_VARIABLE) or '{' or '$' в E:\OSPanel\domains\motomarket.loc\app\content\themes\gulp-theme\parts\filter-form.php на строке 75

2021-08-26T05:15:22+00:00 CRITICAL syntax error, unexpected 'print_r' (T_STRING) в E:\OSPanel\domains\motomarket.loc\app\content\themes\gulp-theme\parts\filter-form.php на строке 79

2021-08-26T05:15:23+00:00 CRITICAL syntax error, unexpected 'print_r' (T_STRING) в E:\OSPanel\domains\motomarket.loc\app\content\themes\gulp-theme\parts\filter-form.php на строке 79

2021-08-26T05:17:11+00:00 CRITICAL syntax error, unexpected '$parent_term_id' (T_VARIABLE) в E:\OSPanel\domains\motomarket.loc\app\content\themes\gulp-theme\parts\filter-form.php на строке 77

2021-08-26T05:17:25+00:00 CRITICAL syntax error, unexpected '$term' (T_VARIABLE) в E:\OSPanel\domains\motomarket.loc\app\content\themes\gulp-theme\parts\filter-form.php на строке 77

2021-08-26T05:17:26+00:00 CRITICAL syntax error, unexpected '$term' (T_VARIABLE) в E:\OSPanel\domains\motomarket.loc\app\content\themes\gulp-theme\parts\filter-form.php на строке 77

2021-08-26T05:17:27+00:00 CRITICAL syntax error, unexpected '$term' (T_VARIABLE) в E:\OSPanel\domains\motomarket.loc\app\content\themes\gulp-theme\parts\filter-form.php на строке 77

2021-08-26T05:17:31+00:00 CRITICAL syntax error, unexpected '$term' (T_VARIABLE) в E:\OSPanel\domains\motomarket.loc\app\content\themes\gulp-theme\parts\filter-form.php на строке 77

2021-08-26T05:18:25+00:00 CRITICAL syntax error, unexpected ')', expecting variable (T_VARIABLE) or '{' or '$' в E:\OSPanel\domains\motomarket.loc\app\content\themes\gulp-theme\parts\filter-form.php на строке 81

2021-08-26T06:17:22+00:00 CRITICAL syntax error, unexpected ',' в E:\OSPanel\domains\motomarket.loc\app\content\themes\gulp-theme\parts\filter-form.php на строке 96

2021-08-26T06:17:24+00:00 CRITICAL syntax error, unexpected end of file в E:\OSPanel\domains\motomarket.loc\app\content\themes\gulp-theme\parts\filter-form.php на строке 192

2021-08-26T06:18:00+00:00 CRITICAL syntax error, unexpected '$cat' (T_VARIABLE) в E:\OSPanel\domains\motomarket.loc\app\content\themes\gulp-theme\parts\filter-form.php на строке 100

2021-08-26T06:18:01+00:00 CRITICAL syntax error, unexpected '$cat' (T_VARIABLE) в E:\OSPanel\domains\motomarket.loc\app\content\themes\gulp-theme\parts\filter-form.php на строке 100

2021-08-26T06:33:57+00:00 CRITICAL syntax error, unexpected 'if' (T_IF) в E:\OSPanel\domains\motomarket.loc\app\content\themes\gulp-theme\parts\filter-form.php на строке 95

2021-08-26T06:38:48+00:00 CRITICAL syntax error, unexpected ',' в E:\OSPanel\domains\motomarket.loc\app\content\themes\gulp-theme\parts\catalog-filter.php на строке 151

2021-08-26T06:38:57+00:00 CRITICAL syntax error, unexpected ',' в E:\OSPanel\domains\motomarket.loc\app\content\themes\gulp-theme\parts\catalog-filter.php на строке 151

2021-08-26T06:38:57+00:00 CRITICAL syntax error, unexpected ',' в E:\OSPanel\domains\motomarket.loc\app\content\themes\gulp-theme\parts\catalog-filter.php на строке 151

2021-08-26T07:48:43+00:00 CRITICAL syntax error, unexpected 'echo' (T_ECHO), expecting '(' в E:\OSPanel\domains\motomarket.loc\app\content\themes\gulp-theme\parts\filter-form.php на строке 79

2021-08-26T07:48:44+00:00 CRITICAL syntax error, unexpected 'echo' (T_ECHO), expecting '(' в E:\OSPanel\domains\motomarket.loc\app\content\themes\gulp-theme\parts\filter-form.php на строке 79

2021-08-26T07:48:45+00:00 CRITICAL syntax error, unexpected '{', expecting '(' в E:\OSPanel\domains\motomarket.loc\app\content\themes\gulp-theme\parts\filter-form.php на строке 75

2021-08-26T07:48:46+00:00 CRITICAL syntax error, unexpected '{', expecting '(' в E:\OSPanel\domains\motomarket.loc\app\content\themes\gulp-theme\parts\filter-form.php на строке 75

2021-08-26T07:48:53+00:00 CRITICAL syntax error, unexpected '{', expecting '(' в E:\OSPanel\domains\motomarket.loc\app\content\themes\gulp-theme\parts\filter-form.php на строке 75

2021-08-26T07:49:06+00:00 CRITICAL syntax error, unexpected ')' в E:\OSPanel\domains\motomarket.loc\app\content\themes\gulp-theme\parts\filter-form.php на строке 75

2021-08-26T07:49:22+00:00 CRITICAL syntax error, unexpected '$_COOKIE' (T_VARIABLE), expecting '(' в E:\OSPanel\domains\motomarket.loc\app\content\themes\gulp-theme\parts\filter-form.php на строке 75

2021-08-26T07:49:23+00:00 CRITICAL syntax error, unexpected '$_COOKIE' (T_VARIABLE), expecting '(' в E:\OSPanel\domains\motomarket.loc\app\content\themes\gulp-theme\parts\filter-form.php на строке 75

2021-08-26T07:49:24+00:00 CRITICAL syntax error, unexpected '{' в E:\OSPanel\domains\motomarket.loc\app\content\themes\gulp-theme\parts\filter-form.php на строке 75

2021-08-26T07:57:51+00:00 CRITICAL syntax error, unexpected '$_COOKIE' (T_VARIABLE) в E:\OSPanel\domains\motomarket.loc\app\content\themes\gulp-theme\parts\filter-form.php на строке 84

2021-08-26T07:57:52+00:00 CRITICAL syntax error, unexpected ')', expecting ',' or ';' в E:\OSPanel\domains\motomarket.loc\app\content\themes\gulp-theme\parts\filter-form.php на строке 84

2021-08-26T08:00:11+00:00 CRITICAL syntax error, unexpected 'time' (T_STRING), expecting ')' в E:\OSPanel\domains\motomarket.loc\app\content\themes\gulp-theme\parts\catalog-filter.php на строке 155

2021-08-26T08:11:00+00:00 CRITICAL syntax error, unexpected ',', expecting ')' в E:\OSPanel\domains\motomarket.loc\app\content\themes\gulp-theme\parts\filter-form.php на строке 74

2021-08-26T09:31:46+00:00 CRITICAL syntax error, unexpected 'mototehnika' (T_STRING), expecting ',' or ';' в E:\OSPanel\domains\motomarket.loc\app\content\themes\gulp-theme\parts\filter-form.php на строке 77

2021-08-26T09:31:47+00:00 CRITICAL syntax error, unexpected 'mototehnika' (T_STRING), expecting ',' or ';' в E:\OSPanel\domains\motomarket.loc\app\content\themes\gulp-theme\parts\filter-form.php на строке 77

2021-08-26T09:31:48+00:00 CRITICAL syntax error, unexpected 'mototehnika' (T_STRING), expecting ',' or ';' в E:\OSPanel\domains\motomarket.loc\app\content\themes\gulp-theme\parts\filter-form.php на строке 77

2021-08-26T09:31:54+00:00 CRITICAL syntax error, unexpected 'mototehnika' (T_STRING), expecting ',' or ';' в E:\OSPanel\domains\motomarket.loc\app\content\themes\gulp-theme\parts\filter-form.php на строке 77

2021-08-26T09:31:55+00:00 CRITICAL syntax error, unexpected 'mototehnika' (T_STRING), expecting ',' or ';' в E:\OSPanel\domains\motomarket.loc\app\content\themes\gulp-theme\parts\filter-form.php на строке 77

2021-08-26T09:32:07+00:00 CRITICAL syntax error, unexpected 'if' (T_IF), expecting ',' or ';' в E:\OSPanel\domains\motomarket.loc\app\content\themes\gulp-theme\parts\filter-form.php на строке 77

2021-08-26T09:32:11+00:00 CRITICAL syntax error, unexpected 'if' (T_IF), expecting ',' or ';' в E:\OSPanel\domains\motomarket.loc\app\content\themes\gulp-theme\parts\filter-form.php на строке 77

2021-08-26T09:32:13+00:00 CRITICAL syntax error, unexpected 'if' (T_IF), expecting ',' or ';' в E:\OSPanel\domains\motomarket.loc\app\content\themes\gulp-theme\parts\filter-form.php на строке 77

2021-08-26T09:32:20+00:00 CRITICAL syntax error, unexpected 'mototehnika' (T_STRING), expecting ',' or ';' в E:\OSPanel\domains\motomarket.loc\app\content\themes\gulp-theme\parts\filter-form.php на строке 77

2021-08-26T09:32:24+00:00 CRITICAL syntax error, unexpected 'mototehnika' (T_STRING), expecting ',' or ';' в E:\OSPanel\domains\motomarket.loc\app\content\themes\gulp-theme\parts\filter-form.php на строке 77

2021-08-26T09:32:29+00:00 CRITICAL syntax error, unexpected 'mototehnika' (T_STRING), expecting ',' or ';' в E:\OSPanel\domains\motomarket.loc\app\content\themes\gulp-theme\parts\filter-form.php на строке 77

2021-08-26T09:32:31+00:00 CRITICAL syntax error, unexpected 'mototehnika' (T_STRING), expecting ',' or ';' в E:\OSPanel\domains\motomarket.loc\app\content\themes\gulp-theme\parts\filter-form.php на строке 77

2021-08-26T09:32:36+00:00 CRITICAL syntax error, unexpected 'mototehnika' (T_STRING), expecting ',' or ';' в E:\OSPanel\domains\motomarket.loc\app\content\themes\gulp-theme\parts\filter-form.php на строке 77

2021-08-26T09:32:40+00:00 CRITICAL syntax error, unexpected 'mototehnika' (T_STRING), expecting ',' or ';' в E:\OSPanel\domains\motomarket.loc\app\content\themes\gulp-theme\parts\filter-form.php на строке 77

2021-08-26T09:33:00+00:00 CRITICAL syntax error, unexpected 'mototehnika' (T_STRING), expecting ',' or ';' в E:\OSPanel\domains\motomarket.loc\app\content\themes\gulp-theme\parts\filter-form.php на строке 77

2021-08-26T09:33:07+00:00 CRITICAL syntax error, unexpected ')', expecting ',' or ';' в E:\OSPanel\domains\motomarket.loc\app\content\themes\gulp-theme\parts\filter-form.php на строке 77

2021-08-26T09:33:10+00:00 CRITICAL syntax error, unexpected 'checked' (T_STRING), expecting ',' or ';' в E:\OSPanel\domains\motomarket.loc\app\content\themes\gulp-theme\parts\filter-form.php на строке 77

2021-08-26T09:33:13+00:00 CRITICAL syntax error, unexpected '}', expecting end of file в E:\OSPanel\domains\motomarket.loc\app\content\themes\gulp-theme\parts\filter-form.php на строке 77

2021-08-26T09:33:32+00:00 CRITICAL syntax error, unexpected 'title' (T_STRING), expecting ',' or ';' в E:\OSPanel\domains\motomarket.loc\app\content\themes\gulp-theme\parts\filter-form.php на строке 78

2021-08-26T09:33:35+00:00 CRITICAL syntax error, unexpected 'if' (T_IF), expecting ',' or ';' в E:\OSPanel\domains\motomarket.loc\app\content\themes\gulp-theme\parts\filter-form.php на строке 77

2021-08-26T09:33:51+00:00 CRITICAL syntax error, unexpected 'if' (T_IF), expecting ',' or ';' в E:\OSPanel\domains\motomarket.loc\app\content\themes\gulp-theme\parts\filter-form.php на строке 77

2021-08-26T09:33:57+00:00 CRITICAL syntax error, unexpected 'if' (T_IF), expecting ',' or ';' в E:\OSPanel\domains\motomarket.loc\app\content\themes\gulp-theme\parts\filter-form.php на строке 77

2021-08-26T09:34:00+00:00 CRITICAL syntax error, unexpected 'if' (T_IF), expecting ',' or ';' в E:\OSPanel\domains\motomarket.loc\app\content\themes\gulp-theme\parts\filter-form.php на строке 77

2021-08-26T09:34:03+00:00 CRITICAL syntax error, unexpected 'if' (T_IF), expecting ',' or ';' в E:\OSPanel\domains\motomarket.loc\app\content\themes\gulp-theme\parts\filter-form.php на строке 77

2021-08-26T09:34:06+00:00 CRITICAL syntax error, unexpected 'if' (T_IF), expecting ',' or ';' в E:\OSPanel\domains\motomarket.loc\app\content\themes\gulp-theme\parts\filter-form.php на строке 77

2021-08-26T09:34:09+00:00 CRITICAL syntax error, unexpected 'if' (T_IF), expecting ',' or ';' в E:\OSPanel\domains\motomarket.loc\app\content\themes\gulp-theme\parts\filter-form.php на строке 77

2021-08-26T09:34:12+00:00 CRITICAL syntax error, unexpected 'if' (T_IF), expecting ',' or ';' в E:\OSPanel\domains\motomarket.loc\app\content\themes\gulp-theme\parts\filter-form.php на строке 77

2021-08-26T09:34:15+00:00 CRITICAL syntax error, unexpected 'if' (T_IF), expecting ',' or ';' в E:\OSPanel\domains\motomarket.loc\app\content\themes\gulp-theme\parts\filter-form.php на строке 77

2021-08-26T09:34:23+00:00 CRITICAL syntax error, unexpected 'mototehnika' (T_STRING), expecting ',' or ';' в E:\OSPanel\domains\motomarket.loc\app\content\themes\gulp-theme\parts\filter-form.php на строке 77

2021-08-26T09:34:26+00:00 CRITICAL syntax error, unexpected 'mototehnika' (T_STRING), expecting ',' or ';' в E:\OSPanel\domains\motomarket.loc\app\content\themes\gulp-theme\parts\filter-form.php на строке 77

2021-08-26T09:34:30+00:00 CRITICAL syntax error, unexpected 'if' (T_IF), expecting ',' or ';' в E:\OSPanel\domains\motomarket.loc\app\content\themes\gulp-theme\parts\filter-form.php на строке 77

2021-08-26T09:34:36+00:00 CRITICAL syntax error, unexpected 'mototehnika' (T_STRING), expecting ',' or ';' в E:\OSPanel\domains\motomarket.loc\app\content\themes\gulp-theme\parts\filter-form.php на строке 77

2021-08-26T09:34:42+00:00 CRITICAL syntax error, unexpected 'mototehnika' (T_STRING), expecting ',' or ';' в E:\OSPanel\domains\motomarket.loc\app\content\themes\gulp-theme\parts\filter-form.php на строке 77

2021-08-26T09:34:48+00:00 CRITICAL syntax error, unexpected 'mototehnika' (T_STRING), expecting ',' or ';' в E:\OSPanel\domains\motomarket.loc\app\content\themes\gulp-theme\parts\filter-form.php на строке 77

2021-08-26T09:34:56+00:00 CRITICAL syntax error, unexpected 'if' (T_IF) в E:\OSPanel\domains\motomarket.loc\app\content\themes\gulp-theme\parts\filter-form.php на строке 77

2021-08-26T09:35:01+00:00 CRITICAL syntax error, unexpected 'if' (T_IF) в E:\OSPanel\domains\motomarket.loc\app\content\themes\gulp-theme\parts\filter-form.php на строке 77

2021-08-26T09:35:10+00:00 CRITICAL syntax error, unexpected 'if' (T_IF) в E:\OSPanel\domains\motomarket.loc\app\content\themes\gulp-theme\parts\filter-form.php на строке 77

2021-08-26T09:35:17+00:00 CRITICAL syntax error, unexpected 'if' (T_IF) в E:\OSPanel\domains\motomarket.loc\app\content\themes\gulp-theme\parts\filter-form.php на строке 77

2021-08-26T09:35:24+00:00 CRITICAL syntax error, unexpected 'if' (T_IF) в E:\OSPanel\domains\motomarket.loc\app\content\themes\gulp-theme\parts\filter-form.php на строке 77

2021-08-26T09:35:28+00:00 CRITICAL syntax error, unexpected 'if' (T_IF) в E:\OSPanel\domains\motomarket.loc\app\content\themes\gulp-theme\parts\filter-form.php на строке 77

2021-08-26T09:35:43+00:00 CRITICAL syntax error, unexpected '}', expecting end of file в E:\OSPanel\domains\motomarket.loc\app\content\themes\gulp-theme\parts\filter-form.php на строке 89

2021-08-26T09:35:50+00:00 CRITICAL syntax error, unexpected '}', expecting end of file в E:\OSPanel\domains\motomarket.loc\app\content\themes\gulp-theme\parts\filter-form.php на строке 89

2021-08-26T09:35:55+00:00 CRITICAL syntax error, unexpected '}', expecting end of file в E:\OSPanel\domains\motomarket.loc\app\content\themes\gulp-theme\parts\filter-form.php на строке 89

2021-08-26T09:36:00+00:00 CRITICAL syntax error, unexpected '}', expecting end of file в E:\OSPanel\domains\motomarket.loc\app\content\themes\gulp-theme\parts\filter-form.php на строке 89

2021-08-26T09:36:02+00:00 CRITICAL syntax error, unexpected '}', expecting end of file в E:\OSPanel\domains\motomarket.loc\app\content\themes\gulp-theme\parts\filter-form.php на строке 89

2021-08-26T09:36:09+00:00 CRITICAL syntax error, unexpected '}', expecting end of file в E:\OSPanel\domains\motomarket.loc\app\content\themes\gulp-theme\parts\filter-form.php на строке 89

2021-08-26T09:36:13+00:00 CRITICAL syntax error, unexpected '}', expecting end of file в E:\OSPanel\domains\motomarket.loc\app\content\themes\gulp-theme\parts\filter-form.php на строке 89

2021-08-26T09:36:19+00:00 CRITICAL syntax error, unexpected '}', expecting end of file в E:\OSPanel\domains\motomarket.loc\app\content\themes\gulp-theme\parts\filter-form.php на строке 89

2021-08-26T09:36:22+00:00 CRITICAL syntax error, unexpected '}', expecting end of file в E:\OSPanel\domains\motomarket.loc\app\content\themes\gulp-theme\parts\filter-form.php на строке 89

2021-08-26T09:36:23+00:00 CRITICAL syntax error, unexpected '}', expecting end of file в E:\OSPanel\domains\motomarket.loc\app\content\themes\gulp-theme\parts\filter-form.php на строке 89

2021-08-26T09:36:25+00:00 CRITICAL syntax error, unexpected '}', expecting end of file в E:\OSPanel\domains\motomarket.loc\app\content\themes\gulp-theme\parts\filter-form.php на строке 89

2021-08-26T09:36:29+00:00 CRITICAL syntax error, unexpected 'if' (T_IF) в E:\OSPanel\domains\motomarket.loc\app\content\themes\gulp-theme\parts\filter-form.php на строке 78

2021-08-26T09:36:31+00:00 CRITICAL syntax error, unexpected 'if' (T_IF) в E:\OSPanel\domains\motomarket.loc\app\content\themes\gulp-theme\parts\filter-form.php на строке 77

2021-08-26T09:36:34+00:00 CRITICAL syntax error, unexpected 'if' (T_IF) в E:\OSPanel\domains\motomarket.loc\app\content\themes\gulp-theme\parts\filter-form.php на строке 77

2021-08-26T09:36:36+00:00 CRITICAL syntax error, unexpected 'if' (T_IF) в E:\OSPanel\domains\motomarket.loc\app\content\themes\gulp-theme\parts\filter-form.php на строке 77

2021-08-26T09:36:37+00:00 CRITICAL syntax error, unexpected 'if' (T_IF) в E:\OSPanel\domains\motomarket.loc\app\content\themes\gulp-theme\parts\filter-form.php на строке 77

2021-08-26T09:36:43+00:00 CRITICAL syntax error, unexpected '.' в E:\OSPanel\domains\motomarket.loc\app\content\themes\gulp-theme\parts\filter-form.php на строке 77

2021-08-26T09:36:45+00:00 CRITICAL syntax error, unexpected 'title' (T_STRING), expecting ',' or ';' в E:\OSPanel\domains\motomarket.loc\app\content\themes\gulp-theme\parts\filter-form.php на строке 78

2021-08-26T09:36:53+00:00 CRITICAL syntax error, unexpected 'class' (T_CLASS), expecting ',' or ';' в E:\OSPanel\domains\motomarket.loc\app\content\themes\gulp-theme\parts\filter-form.php на строке 78

2021-08-26T09:36:53+00:00 CRITICAL syntax error, unexpected 'class' (T_CLASS), expecting ',' or ';' в E:\OSPanel\domains\motomarket.loc\app\content\themes\gulp-theme\parts\filter-form.php на строке 78

2021-08-26T09:36:57+00:00 CRITICAL syntax error, unexpected '<', expecting end of file в E:\OSPanel\domains\motomarket.loc\app\content\themes\gulp-theme\parts\filter-form.php на строке 77

2021-08-26T09:36:59+00:00 CRITICAL syntax error, unexpected '}', expecting end of file в E:\OSPanel\domains\motomarket.loc\app\content\themes\gulp-theme\parts\filter-form.php на строке 89

2021-08-26T09:37:00+00:00 CRITICAL syntax error, unexpected '}', expecting end of file в E:\OSPanel\domains\motomarket.loc\app\content\themes\gulp-theme\parts\filter-form.php на строке 89

2021-08-26T09:52:22+00:00 CRITICAL syntax error, unexpected 'if' (T_IF), expecting '(' в E:\OSPanel\domains\motomarket.loc\app\content\themes\gulp-theme\parts\catalog-filter.php на строке 126

2021-08-26T10:07:14+00:00 CRITICAL syntax error, unexpected '}' в E:\OSPanel\domains\motomarket.loc\app\content\themes\gulp-theme\parts\catalog-filter.php на строке 127

2021-08-26T10:09:40+00:00 CRITICAL syntax error, unexpected ';' в E:\OSPanel\domains\motomarket.loc\app\content\themes\gulp-theme\parts\catalog-filter.php на строке 124

2021-08-26T10:10:55+00:00 CRITICAL syntax error, unexpected ')' в E:\OSPanel\domains\motomarket.loc\app\content\themes\gulp-theme\parts\catalog-filter.php на строке 138

2021-08-26T10:12:36+00:00 CRITICAL Uncaught Error: Unsupported operand types in E:\OSPanel\domains\motomarket.loc\app\content\themes\gulp-theme\parts\catalog-filter.php:139
Stack trace:
#0 E:\OSPanel\domains\motomarket.loc\app\wp\wp-includes\class-wp-hook.php(303): alex_catalogfilter_function('')
#1 E:\OSPanel\domains\motomarket.loc\app\wp\wp-includes\class-wp-hook.php(327): WP_Hook->apply_filters('', Array)
#2 E:\OSPanel\domains\motomarket.loc\app\wp\wp-includes\plugin.php(470): WP_Hook->do_action(Array)
#3 E:\OSPanel\domains\motomarket.loc\app\wp\wp-admin\admin-ajax.php(202): do_action('wp_ajax_nopriv_...')
#4 {main}
  thrown в E:\OSPanel\domains\motomarket.loc\app\content\themes\gulp-theme\parts\catalog-filter.php на строке 139

2021-08-26T10:14:12+00:00 CRITICAL syntax error, unexpected '$args' (T_VARIABLE) в E:\OSPanel\domains\motomarket.loc\app\content\themes\gulp-theme\parts\catalog-filter.php на строке 129

2021-08-26T10:15:24+00:00 CRITICAL syntax error, unexpected '$args' (T_VARIABLE) в E:\OSPanel\domains\motomarket.loc\app\content\themes\gulp-theme\parts\catalog-filter.php на строке 115

2021-08-26T10:28:15+00:00 CRITICAL Uncaught Error: Call to undefined function array_except() in E:\OSPanel\domains\motomarket.loc\app\content\themes\gulp-theme\parts\catalog-filter.php:121
Stack trace:
#0 E:\OSPanel\domains\motomarket.loc\app\wp\wp-includes\class-wp-hook.php(303): alex_catalogfilter_function('')
#1 E:\OSPanel\domains\motomarket.loc\app\wp\wp-includes\class-wp-hook.php(327): WP_Hook->apply_filters('', Array)
#2 E:\OSPanel\domains\motomarket.loc\app\wp\wp-includes\plugin.php(470): WP_Hook->do_action(Array)
#3 E:\OSPanel\domains\motomarket.loc\app\wp\wp-admin\admin-ajax.php(202): do_action('wp_ajax_nopriv_...')
#4 {main}
  thrown в E:\OSPanel\domains\motomarket.loc\app\content\themes\gulp-theme\parts\catalog-filter.php на строке 121

2021-08-26T10:28:27+00:00 CRITICAL Uncaught Error: Call to undefined function array_except() in E:\OSPanel\domains\motomarket.loc\app\content\themes\gulp-theme\parts\catalog-filter.php:121
Stack trace:
#0 E:\OSPanel\domains\motomarket.loc\app\wp\wp-includes\class-wp-hook.php(303): alex_catalogfilter_function('')
#1 E:\OSPanel\domains\motomarket.loc\app\wp\wp-includes\class-wp-hook.php(327): WP_Hook->apply_filters('', Array)
#2 E:\OSPanel\domains\motomarket.loc\app\wp\wp-includes\plugin.php(470): WP_Hook->do_action(Array)
#3 E:\OSPanel\domains\motomarket.loc\app\wp\wp-admin\admin-ajax.php(202): do_action('wp_ajax_nopriv_...')
#4 {main}
  thrown в E:\OSPanel\domains\motomarket.loc\app\content\themes\gulp-theme\parts\catalog-filter.php на строке 121

2021-08-26T10:32:30+00:00 CRITICAL syntax error, unexpected ')' в E:\OSPanel\domains\motomarket.loc\app\content\themes\gulp-theme\parts\catalog-filter.php на строке 169

2021-08-26T13:15:43+00:00 CRITICAL syntax error, unexpected '<', expecting end of file в E:\OSPanel\domains\motomarket.loc\app\content\themes\gulp-theme\woocommerce\single-product.php на строке 45

2021-08-26T13:16:53+00:00 CRITICAL syntax error, unexpected ';', expecting ')' в E:\OSPanel\domains\motomarket.loc\app\content\themes\gulp-theme\woocommerce\single-product.php на строке 44

2021-08-26T13:17:01+00:00 CRITICAL syntax error, unexpected ';', expecting ')' в E:\OSPanel\domains\motomarket.loc\app\content\themes\gulp-theme\woocommerce\single-product.php на строке 45

2021-08-26T13:17:59+00:00 CRITICAL syntax error, unexpected '$category_name' (T_VARIABLE) в E:\OSPanel\domains\motomarket.loc\app\content\themes\gulp-theme\woocommerce\single-product.php на строке 42

2021-08-26T13:17:59+00:00 CRITICAL syntax error, unexpected '$category_name' (T_VARIABLE) в E:\OSPanel\domains\motomarket.loc\app\content\themes\gulp-theme\woocommerce\single-product.php на строке 42

2021-08-26T13:18:01+00:00 CRITICAL syntax error, unexpected '$category_name' (T_VARIABLE) в E:\OSPanel\domains\motomarket.loc\app\content\themes\gulp-theme\woocommerce\single-product.php на строке 42

2021-08-26T13:18:08+00:00 CRITICAL Uncaught ArgumentCountError: Too few arguments to function get_the_terms(), 0 passed in E:\OSPanel\domains\motomarket.loc\app\content\themes\gulp-theme\woocommerce\single-product.php on line 41 and exactly 2 expected in E:\OSPanel\domains\motomarket.loc\app\wp\wp-includes\category-template.php:1274
Stack trace:
#0 E:\OSPanel\domains\motomarket.loc\app\content\themes\gulp-theme\woocommerce\single-product.php(41): get_the_terms()
#1 E:\OSPanel\domains\motomarket.loc\app\wp\wp-includes\template-loader.php(106): include('E:\\OSPanel\\doma...')
#2 E:\OSPanel\domains\motomarket.loc\app\wp\wp-blog-header.php(19): require_once('E:\\OSPanel\\doma...')
#3 E:\OSPanel\domains\motomarket.loc\app\index.php(17): require('E:\\OSPanel\\doma...')
#4 {main}
  thrown в E:\OSPanel\domains\motomarket.loc\app\wp\wp-includes\category-template.php на строке 1274

2021-08-26T13:18:14+00:00 CRITICAL Uncaught ArgumentCountError: Too few arguments to function get_the_terms(), 0 passed in E:\OSPanel\domains\motomarket.loc\app\content\themes\gulp-theme\woocommerce\single-product.php on line 41 and exactly 2 expected in E:\OSPanel\domains\motomarket.loc\app\wp\wp-includes\category-template.php:1274
Stack trace:
#0 E:\OSPanel\domains\motomarket.loc\app\content\themes\gulp-theme\woocommerce\single-product.php(41): get_the_terms()
#1 E:\OSPanel\domains\motomarket.loc\app\wp\wp-includes\template-loader.php(106): include('E:\\OSPanel\\doma...')
#2 E:\OSPanel\domains\motomarket.loc\app\wp\wp-blog-header.php(19): require_once('E:\\OSPanel\\doma...')
#3 E:\OSPanel\domains\motomarket.loc\app\index.php(17): require('E:\\OSPanel\\doma...')
#4 {main}
  thrown в E:\OSPanel\domains\motomarket.loc\app\wp\wp-includes\category-template.php на строке 1274

2021-08-26T13:18:49+00:00 CRITICAL syntax error, unexpected ';' в E:\OSPanel\domains\motomarket.loc\app\content\themes\gulp-theme\woocommerce\single-product.php на строке 40

2021-08-26T13:19:42+00:00 CRITICAL syntax error, unexpected '$terms' (T_VARIABLE) в E:\OSPanel\domains\motomarket.loc\app\content\themes\gulp-theme\woocommerce\single-product.php на строке 46

2021-08-26T13:21:23+00:00 CRITICAL syntax error, unexpected 'echo' (T_ECHO), expecting variable (T_VARIABLE) or '{' or '$' в E:\OSPanel\domains\motomarket.loc\app\content\themes\gulp-theme\woocommerce\single-product.php на строке 40

2021-08-26T13:21:26+00:00 CRITICAL syntax error, unexpected 'echo' (T_ECHO) в E:\OSPanel\domains\motomarket.loc\app\content\themes\gulp-theme\woocommerce\single-product.php на строке 40

2021-08-26T13:21:27+00:00 CRITICAL syntax error, unexpected 'echo' (T_ECHO) в E:\OSPanel\domains\motomarket.loc\app\content\themes\gulp-theme\woocommerce\single-product.php на строке 40

2021-08-26T13:21:28+00:00 CRITICAL syntax error, unexpected 'echo' (T_ECHO) в E:\OSPanel\domains\motomarket.loc\app\content\themes\gulp-theme\woocommerce\single-product.php на строке 40

2021-08-26T13:21:33+00:00 CRITICAL syntax error, unexpected 'echo' (T_ECHO) в E:\OSPanel\domains\motomarket.loc\app\content\themes\gulp-theme\woocommerce\single-product.php на строке 40

2021-08-26T13:21:34+00:00 CRITICAL syntax error, unexpected 'echo' (T_ECHO) в E:\OSPanel\domains\motomarket.loc\app\content\themes\gulp-theme\woocommerce\single-product.php на строке 40

2021-08-26T13:21:35+00:00 CRITICAL syntax error, unexpected ''<div style="color:#fff;font-s' (T_CONSTANT_ENCAPSED_STRING) в E:\OSPanel\domains\motomarket.loc\app\content\themes\gulp-theme\woocommerce\single-product.php на строке 40

2021-08-26T13:21:37+00:00 CRITICAL syntax error, unexpected 'echo' (T_ECHO) в E:\OSPanel\domains\motomarket.loc\app\content\themes\gulp-theme\woocommerce\single-product.php на строке 40

2021-08-26T13:21:38+00:00 CRITICAL syntax error, unexpected 'echo' (T_ECHO) в E:\OSPanel\domains\motomarket.loc\app\content\themes\gulp-theme\woocommerce\single-product.php на строке 40

2021-08-26T13:21:39+00:00 CRITICAL syntax error, unexpected 'echo' (T_ECHO) в E:\OSPanel\domains\motomarket.loc\app\content\themes\gulp-theme\woocommerce\single-product.php на строке 40

2021-08-26T13:22:47+00:00 CRITICAL Object of class WP_Error could not be converted to string в E:\OSPanel\domains\motomarket.loc\app\content\themes\gulp-theme\woocommerce\single-product.php на строке 41

2021-08-26T13:22:48+00:00 CRITICAL Object of class WP_Error could not be converted to string в E:\OSPanel\domains\motomarket.loc\app\content\themes\gulp-theme\woocommerce\single-product.php на строке 41

2021-08-26T13:22:51+00:00 CRITICAL Object of class WP_Error could not be converted to string в E:\OSPanel\domains\motomarket.loc\app\content\themes\gulp-theme\woocommerce\single-product.php на строке 41

2021-08-26T13:23:48+00:00 CRITICAL syntax error, unexpected '$terms' (T_VARIABLE) в E:\OSPanel\domains\motomarket.loc\app\content\themes\gulp-theme\woocommerce\single-product.php на строке 44

2021-08-26T13:23:50+00:00 CRITICAL syntax error, unexpected ')', expecting variable (T_VARIABLE) or '{' or '$' в E:\OSPanel\domains\motomarket.loc\app\content\themes\gulp-theme\woocommerce\single-product.php на строке 44

2021-08-26T13:23:51+00:00 CRITICAL syntax error, unexpected ')', expecting variable (T_VARIABLE) or '{' or '$' в E:\OSPanel\domains\motomarket.loc\app\content\themes\gulp-theme\woocommerce\single-product.php на строке 44

2021-08-26T13:24:25+00:00 CRITICAL syntax error, unexpected ')', expecting variable (T_VARIABLE) or '{' or '$' в E:\OSPanel\domains\motomarket.loc\app\content\themes\gulp-theme\woocommerce\single-product.php на строке 40

2021-08-26T13:24:43+00:00 CRITICAL syntax error, unexpected ';' в E:\OSPanel\domains\motomarket.loc\app\content\themes\gulp-theme\woocommerce\single-product.php на строке 48

2021-08-26T13:24:52+00:00 CRITICAL syntax error, unexpected 'echo' (T_ECHO), expecting variable (T_VARIABLE) or '{' or '$' в E:\OSPanel\domains\motomarket.loc\app\content\themes\gulp-theme\woocommerce\single-product.php на строке 43

2021-08-26T13:24:53+00:00 CRITICAL syntax error, unexpected 'echo' (T_ECHO), expecting variable (T_VARIABLE) or '{' or '$' в E:\OSPanel\domains\motomarket.loc\app\content\themes\gulp-theme\woocommerce\single-product.php на строке 43

2021-08-26T13:24:55+00:00 CRITICAL syntax error, unexpected 'echo' (T_ECHO) в E:\OSPanel\domains\motomarket.loc\app\content\themes\gulp-theme\woocommerce\single-product.php на строке 43

2021-08-26T13:24:56+00:00 CRITICAL syntax error, unexpected 'echo' (T_ECHO) в E:\OSPanel\domains\motomarket.loc\app\content\themes\gulp-theme\woocommerce\single-product.php на строке 43

2021-08-26T13:24:57+00:00 CRITICAL syntax error, unexpected 'echo' (T_ECHO) в E:\OSPanel\domains\motomarket.loc\app\content\themes\gulp-theme\woocommerce\single-product.php на строке 43

2021-08-26T13:38:46+00:00 CRITICAL syntax error, unexpected '$subCatName' (T_VARIABLE) в E:\OSPanel\domains\motomarket.loc\app\content\themes\gulp-theme\woocommerce\single-product.php на строке 41

2021-08-26T13:38:47+00:00 CRITICAL syntax error, unexpected 'ж' (T_STRING) в E:\OSPanel\domains\motomarket.loc\app\content\themes\gulp-theme\woocommerce\single-product.php на строке 40

2021-08-26T13:40:18+00:00 CRITICAL syntax error, unexpected '$term' (T_VARIABLE) в E:\OSPanel\domains\motomarket.loc\app\content\themes\gulp-theme\woocommerce\single-product.php на строке 48

2021-08-26T13:40:30+00:00 CRITICAL syntax error, unexpected ')', expecting identifier (T_STRING) or variable (T_VARIABLE) or '{' or '$' в E:\OSPanel\domains\motomarket.loc\app\content\themes\gulp-theme\woocommerce\single-product.php на строке 48

2021-08-26T13:47:21+00:00 CRITICAL syntax error, unexpected '$term' (T_VARIABLE) в E:\OSPanel\domains\motomarket.loc\app\content\themes\gulp-theme\woocommerce\single-product.php на строке 48

2021-08-26T15:07:15+00:00 CRITICAL syntax error, unexpected '$_POST' (T_VARIABLE) в E:\OSPanel\domains\motomarket.loc\app\content\themes\gulp-theme\parts\catalog-filter.php на строке 83

2021-08-26T15:07:47+00:00 CRITICAL syntax error, unexpected 'if' (T_IF) в E:\OSPanel\domains\motomarket.loc\app\content\themes\gulp-theme\parts\catalog-filter.php на строке 85

2021-08-26T15:07:47+00:00 CRITICAL syntax error, unexpected 'if' (T_IF) в E:\OSPanel\domains\motomarket.loc\app\content\themes\gulp-theme\parts\catalog-filter.php на строке 85

2021-08-26T15:07:48+00:00 CRITICAL syntax error, unexpected 'if' (T_IF) в E:\OSPanel\domains\motomarket.loc\app\content\themes\gulp-theme\parts\catalog-filter.php на строке 85

2021-08-26T15:48:06+00:00 CRITICAL Maximum execution time of 60 seconds exceeded в E:\OSPanel\domains\motomarket.loc\app\wp\wp-includes\wp-db.php на строке 2056

2021-08-26T15:49:52+00:00 CRITICAL Maximum execution time of 60 seconds exceeded в E:\OSPanel\domains\motomarket.loc\app\wp\wp-includes\wp-db.php на строке 2056

2021-08-26T18:48:52+00:00 CRITICAL syntax error, unexpected '?>' в E:\OSPanel\domains\motomarket.loc\app\content\themes\gulp-theme\parts\filter-form.php на строке 12

