2021-08-25T10:42:36+00:00 CRITICAL syntax error, unexpected '<' в E:\OSPanel\domains\motomarket.loc\app\content\themes\gulp-theme\parts\catalog-filter.php на строке 161

2021-08-25T10:52:10+00:00 CRITICAL syntax error, unexpected ')' в E:\OSPanel\domains\motomarket.loc\app\content\themes\gulp-theme\parts\catalog-filter.php на строке 163

2021-08-25T10:55:03+00:00 CRITICAL syntax error, unexpected ')' в E:\OSPanel\domains\motomarket.loc\app\content\themes\gulp-theme\woocommerce\archive-product.php на строке 73

2021-08-25T10:55:03+00:00 CRITICAL syntax error, unexpected ')' в E:\OSPanel\domains\motomarket.loc\app\content\themes\gulp-theme\woocommerce\archive-product.php на строке 73

2021-08-25T10:55:05+00:00 CRITICAL syntax error, unexpected ')' в E:\OSPanel\domains\motomarket.loc\app\content\themes\gulp-theme\woocommerce\archive-product.php на строке 73

2021-08-25T10:55:08+00:00 CRITICAL syntax error, unexpected ')' в E:\OSPanel\domains\motomarket.loc\app\content\themes\gulp-theme\woocommerce\archive-product.php на строке 73

2021-08-25T10:55:20+00:00 CRITICAL syntax error, unexpected end of file в E:\OSPanel\domains\motomarket.loc\app\content\themes\gulp-theme\woocommerce\archive-product.php на строке 133

2021-08-25T10:55:33+00:00 CRITICAL syntax error, unexpected end of file в E:\OSPanel\domains\motomarket.loc\app\content\themes\gulp-theme\woocommerce\archive-product.php на строке 133

2021-08-25T10:55:36+00:00 CRITICAL syntax error, unexpected end of file в E:\OSPanel\domains\motomarket.loc\app\content\themes\gulp-theme\woocommerce\archive-product.php на строке 134

2021-08-25T10:55:36+00:00 CRITICAL syntax error, unexpected end of file в E:\OSPanel\domains\motomarket.loc\app\content\themes\gulp-theme\woocommerce\archive-product.php на строке 134

2021-08-25T10:55:37+00:00 CRITICAL syntax error, unexpected end of file в E:\OSPanel\domains\motomarket.loc\app\content\themes\gulp-theme\woocommerce\archive-product.php на строке 134

2021-08-25T10:55:39+00:00 CRITICAL syntax error, unexpected end of file в E:\OSPanel\domains\motomarket.loc\app\content\themes\gulp-theme\woocommerce\archive-product.php на строке 134

2021-08-25T11:05:26+00:00 CRITICAL syntax error, unexpected '}', expecting end of file в E:\OSPanel\domains\motomarket.loc\app\content\themes\gulp-theme\woocommerce\archive-product.php на строке 122

2021-08-25T11:05:36+00:00 CRITICAL syntax error, unexpected '}', expecting end of file в E:\OSPanel\domains\motomarket.loc\app\content\themes\gulp-theme\woocommerce\archive-product.php на строке 98

2021-08-25T11:07:48+00:00 CRITICAL syntax error, unexpected ')' в E:\OSPanel\domains\motomarket.loc\app\content\themes\gulp-theme\woocommerce\archive-product.php на строке 79

2021-08-25T11:07:49+00:00 CRITICAL syntax error, unexpected ')' в E:\OSPanel\domains\motomarket.loc\app\content\themes\gulp-theme\woocommerce\archive-product.php на строке 79

2021-08-25T11:07:51+00:00 CRITICAL syntax error, unexpected ')' в E:\OSPanel\domains\motomarket.loc\app\content\themes\gulp-theme\woocommerce\archive-product.php на строке 79

2021-08-25T11:07:52+00:00 CRITICAL syntax error, unexpected ')' в E:\OSPanel\domains\motomarket.loc\app\content\themes\gulp-theme\woocommerce\archive-product.php на строке 79

2021-08-25T16:53:12+00:00 CRITICAL syntax error, unexpected ')' в E:\OSPanel\domains\motomarket.loc\app\content\themes\gulp-theme\parts\filter-form.php на строке 74

2021-08-25T16:53:14+00:00 CRITICAL syntax error, unexpected '$parent_id' (T_VARIABLE) в E:\OSPanel\domains\motomarket.loc\app\content\themes\gulp-theme\parts\filter-form.php на строке 74

2021-08-25T16:53:16+00:00 CRITICAL syntax error, unexpected ')' в E:\OSPanel\domains\motomarket.loc\app\content\themes\gulp-theme\parts\filter-form.php на строке 74

2021-08-25T16:53:16+00:00 CRITICAL syntax error, unexpected ')' в E:\OSPanel\domains\motomarket.loc\app\content\themes\gulp-theme\parts\filter-form.php на строке 74

2021-08-25T16:53:18+00:00 CRITICAL syntax error, unexpected '$parent_id' (T_VARIABLE) в E:\OSPanel\domains\motomarket.loc\app\content\themes\gulp-theme\parts\filter-form.php на строке 74

2021-08-25T16:53:20+00:00 CRITICAL syntax error, unexpected ')' в E:\OSPanel\domains\motomarket.loc\app\content\themes\gulp-theme\parts\filter-form.php на строке 74

2021-08-25T16:53:22+00:00 CRITICAL syntax error, unexpected '$parent_id' (T_VARIABLE) в E:\OSPanel\domains\motomarket.loc\app\content\themes\gulp-theme\parts\filter-form.php на строке 74

2021-08-25T16:53:24+00:00 CRITICAL syntax error, unexpected ')', expecting ',' or ';' в E:\OSPanel\domains\motomarket.loc\app\content\themes\gulp-theme\parts\filter-form.php на строке 74

