2021-07-16T08:12:23+00:00 CRITICAL syntax error, unexpected '.', expecting end of file в E:\OSPanel\domains\motomarket.loc\app\content\themes\gulp-theme\functions.php на строке 200

2021-07-16T08:12:23+00:00 CRITICAL syntax error, unexpected '.', expecting end of file в E:\OSPanel\domains\motomarket.loc\app\content\themes\gulp-theme\functions.php на строке 200

2021-07-16T11:11:22+00:00 CRITICAL syntax error, unexpected '.', expecting end of file в E:\OSPanel\domains\motomarket.loc\app\content\themes\gulp-theme\functions.php на строке 204

2021-07-16T11:11:22+00:00 CRITICAL syntax error, unexpected '.', expecting end of file в E:\OSPanel\domains\motomarket.loc\app\content\themes\gulp-theme\functions.php на строке 204

2021-07-16T11:11:23+00:00 CRITICAL syntax error, unexpected '.', expecting end of file в E:\OSPanel\domains\motomarket.loc\app\content\themes\gulp-theme\functions.php на строке 204

2021-07-16T11:12:15+00:00 CRITICAL syntax error, unexpected 'скидку' (T_STRING) в E:\OSPanel\domains\motomarket.loc\app\content\themes\gulp-theme\functions.php на строке 206

2021-07-16T11:12:15+00:00 CRITICAL syntax error, unexpected 'скидку' (T_STRING) в E:\OSPanel\domains\motomarket.loc\app\content\themes\gulp-theme\functions.php на строке 206

2021-07-16T11:12:15+00:00 CRITICAL syntax error, unexpected 'скидку' (T_STRING) в E:\OSPanel\domains\motomarket.loc\app\content\themes\gulp-theme\functions.php на строке 206

2021-07-16T11:12:16+00:00 CRITICAL syntax error, unexpected 'скидку' (T_STRING) в E:\OSPanel\domains\motomarket.loc\app\content\themes\gulp-theme\functions.php на строке 206

2021-07-16T12:19:54+00:00 CRITICAL syntax error, unexpected 'remove_action' (T_STRING) в E:\OSPanel\domains\motomarket.loc\app\content\themes\gulp-theme\functions.php на строке 196

2021-07-16T12:19:54+00:00 CRITICAL syntax error, unexpected 'remove_action' (T_STRING) в E:\OSPanel\domains\motomarket.loc\app\content\themes\gulp-theme\functions.php на строке 196

2021-07-16T12:19:54+00:00 CRITICAL syntax error, unexpected 'remove_action' (T_STRING) в E:\OSPanel\domains\motomarket.loc\app\content\themes\gulp-theme\functions.php на строке 196

2021-07-16T13:33:13+00:00 CRITICAL Uncaught Error: Class 'Instagram' not found in E:\OSPanel\domains\motomarket.loc\app\content\themes\gulp-theme\parts\instagram.php:4
Stack trace:
#0 E:\OSPanel\domains\motomarket.loc\app\wp\wp-includes\template.php(732): require()
#1 E:\OSPanel\domains\motomarket.loc\app\wp\wp-includes\template.php(676): load_template('E:\\OSPanel\\doma...', false, Array)
#2 E:\OSPanel\domains\motomarket.loc\app\wp\wp-includes\general-template.php(204): locate_template(Array, true, false, Array)
#3 E:\OSPanel\domains\motomarket.loc\app\content\themes\gulp-theme\front-page.php(127): get_template_part('./parts/instagr...')
#4 E:\OSPanel\domains\motomarket.loc\app\wp\wp-includes\template-loader.php(106): include('E:\\OSPanel\\doma...')
#5 E:\OSPanel\domains\motomarket.loc\app\wp\wp-blog-header.php(19): require_once('E:\\OSPanel\\doma...')
#6 E:\OSPanel\domains\motomarket.loc\app\index.php(17): require('E:\\OSPanel\\doma...')
#7 {main}
  thrown в E:\OSPanel\domains\motomarket.loc\app\content\themes\gulp-theme\parts\instagram.php на строке 4

2021-07-16T13:33:49+00:00 CRITICAL Uncaught Error: Class 'Instagram' not found in E:\OSPanel\domains\motomarket.loc\app\content\themes\gulp-theme\parts\instagram.php:4
Stack trace:
#0 E:\OSPanel\domains\motomarket.loc\app\wp\wp-includes\template.php(732): require()
#1 E:\OSPanel\domains\motomarket.loc\app\wp\wp-includes\template.php(676): load_template('E:\\OSPanel\\doma...', false, Array)
#2 E:\OSPanel\domains\motomarket.loc\app\wp\wp-includes\general-template.php(204): locate_template(Array, true, false, Array)
#3 E:\OSPanel\domains\motomarket.loc\app\content\themes\gulp-theme\front-page.php(127): get_template_part('./parts/instagr...')
#4 E:\OSPanel\domains\motomarket.loc\app\wp\wp-includes\template-loader.php(106): include('E:\\OSPanel\\doma...')
#5 E:\OSPanel\domains\motomarket.loc\app\wp\wp-blog-header.php(19): require_once('E:\\OSPanel\\doma...')
#6 E:\OSPanel\domains\motomarket.loc\app\index.php(17): require('E:\\OSPanel\\doma...')
#7 {main}
  thrown в E:\OSPanel\domains\motomarket.loc\app\content\themes\gulp-theme\parts\instagram.php на строке 4

2021-07-16T13:37:40+00:00 CRITICAL Uncaught Error: Class 'Instagram' not found in E:\OSPanel\domains\motomarket.loc\app\content\themes\gulp-theme\parts\instagram.php:4
Stack trace:
#0 E:\OSPanel\domains\motomarket.loc\app\wp\wp-includes\template.php(732): require()
#1 E:\OSPanel\domains\motomarket.loc\app\wp\wp-includes\template.php(676): load_template('E:\\OSPanel\\doma...', false, Array)
#2 E:\OSPanel\domains\motomarket.loc\app\wp\wp-includes\general-template.php(204): locate_template(Array, true, false, Array)
#3 E:\OSPanel\domains\motomarket.loc\app\content\themes\gulp-theme\front-page.php(127): get_template_part('./parts/instagr...')
#4 E:\OSPanel\domains\motomarket.loc\app\wp\wp-includes\template-loader.php(106): include('E:\\OSPanel\\doma...')
#5 E:\OSPanel\domains\motomarket.loc\app\wp\wp-blog-header.php(19): require_once('E:\\OSPanel\\doma...')
#6 E:\OSPanel\domains\motomarket.loc\app\index.php(17): require('E:\\OSPanel\\doma...')
#7 {main}
  thrown в E:\OSPanel\domains\motomarket.loc\app\content\themes\gulp-theme\parts\instagram.php на строке 4

2021-07-16T14:40:56+00:00 CRITICAL Uncaught Error: Call to undefined function the_field() in E:\OSPanel\domains\motomarket.loc\app\content\themes\gulp-theme\header.php:21
Stack trace:
#0 E:\OSPanel\domains\motomarket.loc\app\wp\wp-includes\template.php(730): require_once()
#1 E:\OSPanel\domains\motomarket.loc\app\wp\wp-includes\template.php(676): load_template('E:\\OSPanel\\doma...', true, Array)
#2 E:\OSPanel\domains\motomarket.loc\app\wp\wp-includes\general-template.php(48): locate_template(Array, true, true, Array)
#3 E:\OSPanel\domains\motomarket.loc\app\content\plugins\woocommerce\templates\single-product.php(22): get_header('shop')
#4 E:\OSPanel\domains\motomarket.loc\app\wp\wp-includes\template-loader.php(106): include('E:\\OSPanel\\doma...')
#5 E:\OSPanel\domains\motomarket.loc\app\wp\wp-blog-header.php(19): require_once('E:\\OSPanel\\doma...')
#6 E:\OSPanel\domains\motomarket.loc\app\index.php(17): require('E:\\OSPanel\\doma...')
#7 {main}
  thrown в E:\OSPanel\domains\motomarket.loc\app\content\themes\gulp-theme\header.php на строке 21

2021-07-16T14:41:08+00:00 CRITICAL Uncaught Error: Call to undefined function the_field() in E:\OSPanel\domains\motomarket.loc\app\content\themes\gulp-theme\header.php:21
Stack trace:
#0 E:\OSPanel\domains\motomarket.loc\app\wp\wp-includes\template.php(730): require_once()
#1 E:\OSPanel\domains\motomarket.loc\app\wp\wp-includes\template.php(676): load_template('E:\\OSPanel\\doma...', true, Array)
#2 E:\OSPanel\domains\motomarket.loc\app\wp\wp-includes\general-template.php(48): locate_template(Array, true, true, Array)
#3 E:\OSPanel\domains\motomarket.loc\app\content\plugins\woocommerce\templates\single-product.php(22): get_header('shop')
#4 E:\OSPanel\domains\motomarket.loc\app\wp\wp-includes\template-loader.php(106): include('E:\\OSPanel\\doma...')
#5 E:\OSPanel\domains\motomarket.loc\app\wp\wp-blog-header.php(19): require_once('E:\\OSPanel\\doma...')
#6 E:\OSPanel\domains\motomarket.loc\app\index.php(17): require('E:\\OSPanel\\doma...')
#7 {main}
  thrown в E:\OSPanel\domains\motomarket.loc\app\content\themes\gulp-theme\header.php на строке 21

2021-07-16T14:41:20+00:00 CRITICAL Uncaught Error: Call to undefined function the_field() in E:\OSPanel\domains\motomarket.loc\app\content\themes\gulp-theme\header.php:21
Stack trace:
#0 E:\OSPanel\domains\motomarket.loc\app\wp\wp-includes\template.php(730): require_once()
#1 E:\OSPanel\domains\motomarket.loc\app\wp\wp-includes\template.php(676): load_template('E:\\OSPanel\\doma...', true, Array)
#2 E:\OSPanel\domains\motomarket.loc\app\wp\wp-includes\general-template.php(48): locate_template(Array, true, true, Array)
#3 E:\OSPanel\domains\motomarket.loc\app\content\themes\gulp-theme\front-page.php(1): get_header()
#4 E:\OSPanel\domains\motomarket.loc\app\wp\wp-includes\template-loader.php(106): include('E:\\OSPanel\\doma...')
#5 E:\OSPanel\domains\motomarket.loc\app\wp\wp-blog-header.php(19): require_once('E:\\OSPanel\\doma...')
#6 E:\OSPanel\domains\motomarket.loc\app\index.php(17): require('E:\\OSPanel\\doma...')
#7 {main}
  thrown в E:\OSPanel\domains\motomarket.loc\app\content\themes\gulp-theme\header.php на строке 21

2021-07-16T14:42:09+00:00 CRITICAL Uncaught Error: Call to undefined function the_field() in E:\OSPanel\domains\motomarket.loc\app\content\themes\gulp-theme\header.php:21
Stack trace:
#0 E:\OSPanel\domains\motomarket.loc\app\wp\wp-includes\template.php(730): require_once()
#1 E:\OSPanel\domains\motomarket.loc\app\wp\wp-includes\template.php(676): load_template('E:\\OSPanel\\doma...', true, Array)
#2 E:\OSPanel\domains\motomarket.loc\app\wp\wp-includes\general-template.php(48): locate_template(Array, true, true, Array)
#3 E:\OSPanel\domains\motomarket.loc\app\content\themes\gulp-theme\front-page.php(1): get_header()
#4 E:\OSPanel\domains\motomarket.loc\app\wp\wp-includes\template-loader.php(106): include('E:\\OSPanel\\doma...')
#5 E:\OSPanel\domains\motomarket.loc\app\wp\wp-blog-header.php(19): require_once('E:\\OSPanel\\doma...')
#6 E:\OSPanel\domains\motomarket.loc\app\index.php(17): require('E:\\OSPanel\\doma...')
#7 {main}
  thrown в E:\OSPanel\domains\motomarket.loc\app\content\themes\gulp-theme\header.php на строке 21

2021-07-16T14:42:18+00:00 CRITICAL Uncaught Error: Class 'Instagram' not found in E:\OSPanel\domains\motomarket.loc\app\content\themes\gulp-theme\parts\instagram.php:4
Stack trace:
#0 E:\OSPanel\domains\motomarket.loc\app\wp\wp-includes\template.php(732): require()
#1 E:\OSPanel\domains\motomarket.loc\app\wp\wp-includes\template.php(676): load_template('E:\\OSPanel\\doma...', false, Array)
#2 E:\OSPanel\domains\motomarket.loc\app\wp\wp-includes\general-template.php(204): locate_template(Array, true, false, Array)
#3 E:\OSPanel\domains\motomarket.loc\app\content\themes\gulp-theme\front-page.php(127): get_template_part('./parts/instagr...')
#4 E:\OSPanel\domains\motomarket.loc\app\wp\wp-includes\template-loader.php(106): include('E:\\OSPanel\\doma...')
#5 E:\OSPanel\domains\motomarket.loc\app\wp\wp-blog-header.php(19): require_once('E:\\OSPanel\\doma...')
#6 E:\OSPanel\domains\motomarket.loc\app\index.php(17): require('E:\\OSPanel\\doma...')
#7 {main}
  thrown в E:\OSPanel\domains\motomarket.loc\app\content\themes\gulp-theme\parts\instagram.php на строке 4

2021-07-16T15:21:03+00:00 CRITICAL require(): Failed opening required 'E:\OSPanel\domains\motomarket.loc\app/content/themes/twentytwentyone/parts/sliderform.php' (include_path='.') в E:\OSPanel\domains\motomarket.loc\app\content\themes\twentytwentyone\functions.php на строке 4

2021-07-16T15:21:03+00:00 CRITICAL require(): Failed opening required 'E:\OSPanel\domains\motomarket.loc\app/content/themes/twentytwentyone/parts/sliderform.php' (include_path='.') в E:\OSPanel\domains\motomarket.loc\app\content\themes\twentytwentyone\functions.php на строке 4

2021-07-16T15:21:03+00:00 CRITICAL require(): Failed opening required 'E:\OSPanel\domains\motomarket.loc\app/content/themes/twentytwentyone/parts/sliderform.php' (include_path='.') в E:\OSPanel\domains\motomarket.loc\app\content\themes\twentytwentyone\functions.php на строке 4

2021-07-16T15:21:04+00:00 CRITICAL require(): Failed opening required 'E:\OSPanel\domains\motomarket.loc\app/content/themes/twentytwentyone/parts/sliderform.php' (include_path='.') в E:\OSPanel\domains\motomarket.loc\app\content\themes\twentytwentyone\functions.php на строке 4

2021-07-16T15:21:04+00:00 CRITICAL require(): Failed opening required 'E:\OSPanel\domains\motomarket.loc\app/content/themes/twentytwentyone/parts/sliderform.php' (include_path='.') в E:\OSPanel\domains\motomarket.loc\app\content\themes\twentytwentyone\functions.php на строке 4

2021-07-16T15:21:04+00:00 CRITICAL require(): Failed opening required 'E:\OSPanel\domains\motomarket.loc\app/content/themes/twentytwentyone/parts/sliderform.php' (include_path='.') в E:\OSPanel\domains\motomarket.loc\app\content\themes\twentytwentyone\functions.php на строке 4

2021-07-16T15:21:04+00:00 CRITICAL require(): Failed opening required 'E:\OSPanel\domains\motomarket.loc\app/content/themes/twentytwentyone/parts/sliderform.php' (include_path='.') в E:\OSPanel\domains\motomarket.loc\app\content\themes\twentytwentyone\functions.php на строке 4

2021-07-16T15:21:07+00:00 CRITICAL require(): Failed opening required 'E:\OSPanel\domains\motomarket.loc\app/content/themes/twentytwentyone/parts/sliderform.php' (include_path='.') в E:\OSPanel\domains\motomarket.loc\app\content\themes\twentytwentyone\functions.php на строке 4

2021-07-16T15:21:08+00:00 CRITICAL require(): Failed opening required 'E:\OSPanel\domains\motomarket.loc\app/content/themes/twentytwentyone/parts/sliderform.php' (include_path='.') в E:\OSPanel\domains\motomarket.loc\app\content\themes\twentytwentyone\functions.php на строке 4

2021-07-16T15:21:23+00:00 CRITICAL Uncaught Error: Call to undefined function twentytwentyone_the_html_classes() in E:\OSPanel\domains\motomarket.loc\app\content\themes\twentytwentyone\header.php:16
Stack trace:
#0 E:\OSPanel\domains\motomarket.loc\app\wp\wp-includes\template.php(730): require_once()
#1 E:\OSPanel\domains\motomarket.loc\app\wp\wp-includes\template.php(676): load_template('E:\\OSPanel\\doma...', true, Array)
#2 E:\OSPanel\domains\motomarket.loc\app\wp\wp-includes\general-template.php(48): locate_template(Array, true, true, Array)
#3 E:\OSPanel\domains\motomarket.loc\app\content\themes\twentytwentyone\woocommerce\single-product.php(22): get_header('shop')
#4 E:\OSPanel\domains\motomarket.loc\app\wp\wp-includes\template-loader.php(106): include('E:\\OSPanel\\doma...')
#5 E:\OSPanel\domains\motomarket.loc\app\wp\wp-blog-header.php(19): require_once('E:\\OSPanel\\doma...')
#6 E:\OSPanel\domains\motomarket.loc\app\index.php(17): require('E:\\OSPanel\\doma...')
#7 {main}
  thrown в E:\OSPanel\domains\motomarket.loc\app\content\themes\twentytwentyone\header.php на строке 16

2021-07-16T15:22:03+00:00 CRITICAL Uncaught Error: Call to undefined function twentytwentyone_the_html_classes() in E:\OSPanel\domains\motomarket.loc\app\content\themes\twentytwentyone\header.php:16
Stack trace:
#0 E:\OSPanel\domains\motomarket.loc\app\wp\wp-includes\template.php(730): require_once()
#1 E:\OSPanel\domains\motomarket.loc\app\wp\wp-includes\template.php(676): load_template('E:\\OSPanel\\doma...', true, Array)
#2 E:\OSPanel\domains\motomarket.loc\app\wp\wp-includes\general-template.php(48): locate_template(Array, true, true, Array)
#3 E:\OSPanel\domains\motomarket.loc\app\content\themes\twentytwentyone\woocommerce\single-product.php(22): get_header('shop')
#4 E:\OSPanel\domains\motomarket.loc\app\wp\wp-includes\template-loader.php(106): include('E:\\OSPanel\\doma...')
#5 E:\OSPanel\domains\motomarket.loc\app\wp\wp-blog-header.php(19): require_once('E:\\OSPanel\\doma...')
#6 E:\OSPanel\domains\motomarket.loc\app\index.php(17): require('E:\\OSPanel\\doma...')
#7 {main}
  thrown в E:\OSPanel\domains\motomarket.loc\app\content\themes\twentytwentyone\header.php на строке 16

2021-07-16T15:22:25+00:00 CRITICAL Uncaught Error: Call to undefined function twentytwentyone_the_html_classes() in E:\OSPanel\domains\motomarket.loc\app\content\themes\twentytwentyone\header.php:16
Stack trace:
#0 E:\OSPanel\domains\motomarket.loc\app\wp\wp-includes\template.php(730): require_once()
#1 E:\OSPanel\domains\motomarket.loc\app\wp\wp-includes\template.php(676): load_template('E:\\OSPanel\\doma...', true, Array)
#2 E:\OSPanel\domains\motomarket.loc\app\wp\wp-includes\general-template.php(48): locate_template(Array, true, true, Array)
#3 E:\OSPanel\domains\motomarket.loc\app\content\themes\twentytwentyone\woocommerce\single-product.php(22): get_header('shop')
#4 E:\OSPanel\domains\motomarket.loc\app\wp\wp-includes\template-loader.php(106): include('E:\\OSPanel\\doma...')
#5 E:\OSPanel\domains\motomarket.loc\app\wp\wp-blog-header.php(19): require_once('E:\\OSPanel\\doma...')
#6 E:\OSPanel\domains\motomarket.loc\app\index.php(17): require('E:\\OSPanel\\doma...')
#7 {main}
  thrown в E:\OSPanel\domains\motomarket.loc\app\content\themes\twentytwentyone\header.php на строке 16

2021-07-16T15:32:59+00:00 CRITICAL Uncaught Error: Call to undefined function twentytwentyone_the_html_classes() in E:\OSPanel\domains\motomarket.loc\app\content\themes\twentytwentyone\header.php:16
Stack trace:
#0 E:\OSPanel\domains\motomarket.loc\app\wp\wp-includes\template.php(730): require_once()
#1 E:\OSPanel\domains\motomarket.loc\app\wp\wp-includes\template.php(676): load_template('E:\\OSPanel\\doma...', true, Array)
#2 E:\OSPanel\domains\motomarket.loc\app\wp\wp-includes\general-template.php(48): locate_template(Array, true, true, Array)
#3 E:\OSPanel\domains\motomarket.loc\app\content\themes\twentytwentyone\woocommerce\single-product.php(22): get_header('shop')
#4 E:\OSPanel\domains\motomarket.loc\app\wp\wp-includes\template-loader.php(106): include('E:\\OSPanel\\doma...')
#5 E:\OSPanel\domains\motomarket.loc\app\wp\wp-blog-header.php(19): require_once('E:\\OSPanel\\doma...')
#6 E:\OSPanel\domains\motomarket.loc\app\index.php(17): require('E:\\OSPanel\\doma...')
#7 {main}
  thrown в E:\OSPanel\domains\motomarket.loc\app\content\themes\twentytwentyone\header.php на строке 16

