********************************************************************************
DUPLICATOR-LITE PACKAGE-LOG: 18.08.2021 17:07
NOTICE: Do NOT post to public sites or forums 
********************************************************************************
VERSION:	1.4.2
WORDPRESS:	5.8
PHP INFO:	7.3.9 | SAPI: apache2handler
SERVER:		Apache 
PHP TIME LIMIT: (0) no time limit imposed 
PHP MAX MEMORY: 4294967296 (1536M default) 
MEMORY STACK: 6MB

********************************************************************************
DATABASE:
********************************************************************************
BUILD MODE:   MYSQLDUMP
MYSQLTIMEOUT: 5000
MYSQLDUMP:    Is Supported
SQL CREATED: 20210818_motomarket_c3e47599113f417f2667_20210818170710_database.sql
SQL FILE SIZE: 1.63MB (1714250)
SQL FILE TIME: 2021-08-18 17:07:20
SQL RUNTIME: 3.92 sec.

********************************************************************************
ARCHIVE (ZIP):
********************************************************************************
ARCHIVE DIR:  E:/OSPanel/domains/motomarket.loc/app/wp
ARCHIVE FILE: 20210818_motomarket_c3e47599113f417f2667_20210818170710_archive.zip
FILTERS: *OFF*
DIRS:
	not set
FILES:
	not set
EXTS:  not set
----------------------------------------
COMPRESSING
SIZE:	104.99MB
STATS:	Dirs 1,195 | Files 7,511
SQL ADDED: 20210818_motomarket_c3e47599113f417f2667_20210818170710_database.sql
ZipArchive Object
(
    [status] => 0
    [statusSys] => 0
    [numFiles] => 8706
    [filename] => E:\OSPanel\domains\motomarket.loc\app\content\backups-dup-lite\tmp\20210818_motomarket_c3e47599113f417f2667_20210818170710_archive.zip
    [comment] => 
)

FILE ADDED TO ZIP: 8705
COMPRESSION RESULT: '1'
COMPRESSED SIZE: 34.83MB
ARCHIVE RUNTIME: 30.28 sec.
MEMORY STACK: 8MB
building installer
add_extra_files1
add_extra_files2
add_extra_files3
add_extra_files4
Doing archive file check
add_extra_files5
add_extra_files6
add_extra_files8
Successfully opened zip E:/OSPanel/domains/motomarket.loc/app/content/backups-dup-lite/tmp/20210818_motomarket_c3e47599113f417f2667_20210818170710_archive.zip
Adding enhanced installer files to archive using ZipArchive
Installer files added to archive
Added to archive
After ziparchive close when adding installer

********************************************************************************
INTEGRITY CHECKS:
********************************************************************************
SQL FILE: 1.63MB
INSTALLER FILE: 64.26KB
ARCHIVE FILE: 36.23MB 
EXPECTED FILE/DIRECTORY COUNT: 8,706
ACTUAL FILE/DIRECTORY COUNT: 8,705
ТЕСТ ЛОГИКИ АРХИВА: Пройден

********************************************************************************
RECORD ID:[1]
TOTAL PROCESS RUNTIME: 35.45 sec.
PEAK PHP MEMORY USED: 10MB
DONE PROCESSING => 20210818_motomarket 18.08.2021 17:07

