********************************************************************************
DUPLICATOR-LITE PACKAGE-LOG: 30.08.2021 04:06
NOTICE: Do NOT post to public sites or forums 
********************************************************************************
VERSION:	1.4.2
WORDPRESS:	5.8
PHP INFO:	7.3.9 | SAPI: apache2handler
SERVER:		Apache 
PHP TIME LIMIT: (0) no time limit imposed 
PHP MAX MEMORY: 4294967296 (1536M default) 
MEMORY STACK: 8MB

********************************************************************************
DATABASE:
********************************************************************************
BUILD MODE:   MYSQLDUMP
MYSQLTIMEOUT: 5000
MYSQLDUMP:    Is Supported
SQL CREATED: 20210818_motomarket_5ff332c3ef0a7fd26513_20210830040509_database.sql
SQL FILE SIZE: 1.18MB (1239131)
SQL FILE TIME: 2021-08-30 04:06:19
SQL RUNTIME: 4.05 sec.

********************************************************************************
ARCHIVE (ZIP):
********************************************************************************
ARCHIVE DIR:  E:/OSPanel/domains/motomarket.loc/app/wp
ARCHIVE FILE: 20210818_motomarket_5ff332c3ef0a7fd26513_20210830040509_archive.zip
FILTERS: *OFF*
DIRS:
	not set
FILES:
	not set
EXTS:  not set
----------------------------------------
COMPRESSING
SIZE:	109.5MB
STATS:	Dirs 1,219 | Files 7,517
SQL ADDED: 20210818_motomarket_5ff332c3ef0a7fd26513_20210830040509_database.sql
ZipArchive Object
(
    [status] => 0
    [statusSys] => 0
    [numFiles] => 8736
    [filename] => E:\OSPanel\domains\motomarket.loc\app\content\backups-dup-lite\tmp\20210818_motomarket_5ff332c3ef0a7fd26513_20210830040509_archive.zip
    [comment] => 
)

FILE ADDED TO ZIP: 8735
COMPRESSION RESULT: '1'
COMPRESSED SIZE: 39.63MB
ARCHIVE RUNTIME: 84.05 sec.
MEMORY STACK: 10MB
building installer
add_extra_files1
add_extra_files2
add_extra_files3
add_extra_files4
Doing archive file check
add_extra_files5
add_extra_files6
add_extra_files8
Successfully opened zip E:/OSPanel/domains/motomarket.loc/app/content/backups-dup-lite/tmp/20210818_motomarket_5ff332c3ef0a7fd26513_20210830040509_archive.zip
Adding enhanced installer files to archive using ZipArchive
Installer files added to archive
Added to archive
After ziparchive close when adding installer

********************************************************************************
INTEGRITY CHECKS:
********************************************************************************
SQL FILE: 1.18MB
INSTALLER FILE: 64.26KB
ARCHIVE FILE: 41.03MB 
EXPECTED FILE/DIRECTORY COUNT: 8,736
ACTUAL FILE/DIRECTORY COUNT: 8,735
ТЕСТ ЛОГИКИ АРХИВА: Пройден

********************************************************************************
RECORD ID:[2]
TOTAL PROCESS RUNTIME: 90.05 sec.
PEAK PHP MEMORY USED: 12MB
DONE PROCESSING => 20210818_motomarket 30.08.2021 04:07

